2026-05-07 11:55:52,473 | INFO  | ============================================================
2026-05-07 11:55:52,474 | INFO  | 📡 SCURO MT5 HISTORY PRINTER — Live Feed
2026-05-07 11:55:52,474 | INFO  |    Symbol   : XAUUSDm | Magic: 777777
2026-05-07 11:55:52,474 | INFO  |    Output   : C:\Users\obung\OneDrive\Documents\Trading Apps\sir_bane_v1\scuro_live_data.json
2026-05-07 11:55:52,474 | INFO  |    Refresh  : every 10s
2026-05-07 11:55:52,475 | INFO  | ============================================================
2026-05-07 11:55:53,819 | INFO  | ✅ Updated scuro_live_data.json | Open: 0 | Closed: 0 | WR: 0% | PF: 0 | Bal: 5,000.00
2026-05-07 11:56:03,833 | INFO  | ✅ Updated scuro_live_data.json | Open: 0 | Closed: 0 | WR: 0% | PF: 0 | Bal: 5,000.00
2026-05-07 11:56:13,846 | INFO  | ✅ Updated scuro_live_data.json | Open: 0 | Closed: 0 | WR: 0% | PF: 0 | Bal: 5,000.00
2026-05-07 11:56:23,865 | INFO  | ✅ Updated scuro_live_data.json | Open: 0 | Closed: 0 | WR: 0% | PF: 0 | Bal: 5,000.00
2026-05-07 11:56:33,882 | INFO  | ✅ Updated scuro_live_data.json | Open: 0 | Closed: 0 | WR: 0% | PF: 0 | Bal: 5,000.00
2026-05-07 11:56:43,909 | INFO  | ✅ Updated scuro_live_data.json | Open: 0 | Closed: 0 | WR: 0% | PF: 0 | Bal: 5,000.00
2026-05-07 11:56:53,941 | INFO  | ✅ Updated scuro_live_data.json | Open: 0 | Closed: 0 | WR: 0% | PF: 0 | Bal: 5,000.00
2026-05-07 11:57:03,952 | INFO  | ✅ Updated scuro_live_data.json | Open: 0 | Closed: 0 | WR: 0% | PF: 0 | Bal: 5,000.00
2026-05-07 11:57:13,969 | INFO  | ✅ Updated scuro_live_data.json | Open: 0 | Closed: 0 | WR: 0% | PF: 0 | Bal: 5,000.00
2026-05-07 11:57:23,984 | INFO  | ✅ Updated scuro_live_data.json | Open: 0 | Closed: 0 | WR: 0% | PF: 0 | Bal: 5,000.00
2026-05-07 11:57:33,999 | INFO  | ✅ Updated scuro_live_data.json | Open: 0 | Closed: 0 | WR: 0% | PF: 0 | Bal: 5,000.00
2026-05-07 11:57:44,012 | INFO  | ✅ Updated scuro_live_data.json | Open: 0 | Closed: 0 | WR: 0% | PF: 0 | Bal: 5,000.00
2026-05-07 11:57:54,033 | INFO  | ✅ Updated scuro_live_data.json | Open: 0 | Closed: 0 | WR: 0% | PF: 0 | Bal: 5,000.00
2026-05-07 11:58:04,054 | INFO  | ✅ Updated scuro_live_data.json | Open: 0 | Closed: 0 | WR: 0% | PF: 0 | Bal: 5,000.00
2026-05-07 11:58:14,066 | INFO  | ✅ Updated scuro_live_data.json | Open: 0 | Closed: 0 | WR: 0% | PF: 0 | Bal: 5,000.00
2026-05-07 11:58:24,086 | INFO  | ✅ Updated scuro_live_data.json | Open: 0 | Closed: 0 | WR: 0% | PF: 0 | Bal: 5,000.00
2026-05-07 11:58:34,097 | INFO  | ✅ Updated scuro_live_data.json | Open: 0 | Closed: 0 | WR: 0% | PF: 0 | Bal: 5,000.00
2026-05-07 11:58:44,197 | INFO  | ✅ Updated scuro_live_data.json | Open: 0 | Closed: 0 | WR: 0% | PF: 0 | Bal: 5,000.00
2026-05-07 11:58:54,210 | INFO  | ✅ Updated scuro_live_data.json | Open: 0 | Closed: 0 | WR: 0% | PF: 0 | Bal: 5,000.00
2026-05-07 11:59:04,221 | INFO  | ✅ Updated scuro_live_data.json | Open: 0 | Closed: 0 | WR: 0% | PF: 0 | Bal: 5,000.00
2026-05-07 11:59:14,232 | INFO  | ✅ Updated scuro_live_data.json | Open: 0 | Closed: 0 | WR: 0% | PF: 0 | Bal: 5,000.00
2026-05-07 11:59:24,245 | INFO  | ✅ Updated scuro_live_data.json | Open: 0 | Closed: 0 | WR: 0% | PF: 0 | Bal: 5,000.00
2026-05-07 11:59:34,261 | INFO  | ✅ Updated scuro_live_data.json | Open: 0 | Closed: 0 | WR: 0% | PF: 0 | Bal: 5,000.00
2026-05-07 11:59:44,275 | INFO  | ✅ Updated scuro_live_data.json | Open: 0 | Closed: 0 | WR: 0% | PF: 0 | Bal: 5,000.00
2026-05-07 11:59:54,293 | INFO  | ✅ Updated scuro_live_data.json | Open: 0 | Closed: 0 | WR: 0% | PF: 0 | Bal: 5,000.00
2026-05-07 12:00:04,306 | INFO  | ✅ Updated scuro_live_data.json | Open: 0 | Closed: 0 | WR: 0% | PF: 0 | Bal: 5,000.00
2026-05-07 12:00:14,326 | INFO  | ✅ Updated scuro_live_data.json | Open: 0 | Closed: 0 | WR: 0% | PF: 0 | Bal: 5,000.00
2026-05-07 12:00:24,341 | INFO  | ✅ Updated scuro_live_data.json | Open: 0 | Closed: 0 | WR: 0% | PF: 0 | Bal: 5,000.00
2026-05-07 12:00:34,353 | INFO  | ✅ Updated scuro_live_data.json | Open: 0 | Closed: 0 | WR: 0% | PF: 0 | Bal: 5,000.00
2026-05-07 12:00:44,364 | INFO  | ✅ Updated scuro_live_data.json | Open: 0 | Closed: 0 | WR: 0% | PF: 0 | Bal: 5,000.00
2026-05-07 12:00:54,379 | INFO  | ✅ Updated scuro_live_data.json | Open: 0 | Closed: 0 | WR: 0% | PF: 0 | Bal: 5,000.00
2026-05-07 12:01:04,400 | INFO  | ✅ Updated scuro_live_data.json | Open: 0 | Closed: 0 | WR: 0% | PF: 0 | Bal: 5,000.00
2026-05-07 12:01:14,417 | INFO  | ✅ Updated scuro_live_data.json | Open: 0 | Closed: 0 | WR: 0% | PF: 0 | Bal: 5,000.00
2026-05-07 12:01:24,436 | INFO  | ✅ Updated scuro_live_data.json | Open: 0 | Closed: 0 | WR: 0% | PF: 0 | Bal: 5,000.00
2026-05-07 12:01:34,452 | INFO  | ✅ Updated scuro_live_data.json | Open: 0 | Closed: 0 | WR: 0% | PF: 0 | Bal: 5,000.00
2026-05-07 12:01:44,471 | INFO  | ✅ Updated scuro_live_data.json | Open: 0 | Closed: 0 | WR: 0% | PF: 0 | Bal: 5,000.00
2026-05-07 12:01:54,510 | INFO  | ✅ Updated scuro_live_data.json | Open: 0 | Closed: 0 | WR: 0% | PF: 0 | Bal: 5,000.00
2026-05-07 12:02:04,588 | INFO  | ✅ Updated scuro_live_data.json | Open: 0 | Closed: 0 | WR: 0% | PF: 0 | Bal: 5,000.00
2026-05-07 12:02:14,603 | INFO  | ✅ Updated scuro_live_data.json | Open: 0 | Closed: 0 | WR: 0% | PF: 0 | Bal: 5,000.00
2026-05-07 12:02:24,622 | INFO  | ✅ Updated scuro_live_data.json | Open: 0 | Closed: 0 | WR: 0% | PF: 0 | Bal: 5,000.00
2026-05-07 12:02:34,637 | INFO  | ✅ Updated scuro_live_data.json | Open: 0 | Closed: 0 | WR: 0% | PF: 0 | Bal: 5,000.00
2026-05-07 12:02:44,654 | INFO  | ✅ Updated scuro_live_data.json | Open: 0 | Closed: 0 | WR: 0% | PF: 0 | Bal: 5,000.00
2026-05-07 12:02:54,668 | INFO  | ✅ Updated scuro_live_data.json | Open: 0 | Closed: 0 | WR: 0% | PF: 0 | Bal: 5,000.00
2026-05-07 12:03:04,686 | INFO  | ✅ Updated scuro_live_data.json | Open: 0 | Closed: 0 | WR: 0% | PF: 0 | Bal: 5,000.00
2026-05-07 12:03:14,705 | INFO  | ✅ Updated scuro_live_data.json | Open: 0 | Closed: 0 | WR: 0% | PF: 0 | Bal: 5,000.00
2026-05-07 12:03:24,720 | INFO  | ✅ Updated scuro_live_data.json | Open: 0 | Closed: 0 | WR: 0% | PF: 0 | Bal: 5,000.00
2026-05-07 12:03:34,731 | INFO  | ✅ Updated scuro_live_data.json | Open: 0 | Closed: 0 | WR: 0% | PF: 0 | Bal: 5,000.00
2026-05-07 12:03:44,743 | INFO  | ✅ Updated scuro_live_data.json | Open: 0 | Closed: 0 | WR: 0% | PF: 0 | Bal: 5,000.00
2026-05-07 12:03:54,756 | INFO  | ✅ Updated scuro_live_data.json | Open: 0 | Closed: 0 | WR: 0% | PF: 0 | Bal: 5,000.00
2026-05-07 12:04:04,770 | INFO  | ✅ Updated scuro_live_data.json | Open: 0 | Closed: 0 | WR: 0% | PF: 0 | Bal: 5,000.00
2026-05-07 12:04:14,782 | INFO  | ✅ Updated scuro_live_data.json | Open: 0 | Closed: 0 | WR: 0% | PF: 0 | Bal: 5,000.00
2026-05-07 12:04:24,794 | INFO  | ✅ Updated scuro_live_data.json | Open: 0 | Closed: 0 | WR: 0% | PF: 0 | Bal: 5,000.00
2026-05-07 12:04:34,806 | INFO  | ✅ Updated scuro_live_data.json | Open: 0 | Closed: 0 | WR: 0% | PF: 0 | Bal: 5,000.00
2026-05-07 12:04:44,821 | INFO  | ✅ Updated scuro_live_data.json | Open: 0 | Closed: 0 | WR: 0% | PF: 0 | Bal: 5,000.00
2026-05-07 12:04:54,833 | INFO  | ✅ Updated scuro_live_data.json | Open: 0 | Closed: 0 | WR: 0% | PF: 0 | Bal: 5,000.00
2026-05-07 12:05:04,848 | INFO  | ✅ Updated scuro_live_data.json | Open: 0 | Closed: 0 | WR: 0% | PF: 0 | Bal: 5,000.00
2026-05-07 12:05:14,860 | INFO  | ✅ Updated scuro_live_data.json | Open: 0 | Closed: 0 | WR: 0% | PF: 0 | Bal: 5,000.00
2026-05-07 12:05:24,876 | INFO  | ✅ Updated scuro_live_data.json | Open: 0 | Closed: 0 | WR: 0% | PF: 0 | Bal: 5,000.00
2026-05-07 12:05:34,889 | INFO  | ✅ Updated scuro_live_data.json | Open: 0 | Closed: 0 | WR: 0% | PF: 0 | Bal: 5,000.00
2026-05-07 12:05:44,908 | INFO  | ✅ Updated scuro_live_data.json | Open: 0 | Closed: 0 | WR: 0% | PF: 0 | Bal: 5,000.00
2026-05-07 12:05:54,920 | INFO  | ✅ Updated scuro_live_data.json | Open: 0 | Closed: 0 | WR: 0% | PF: 0 | Bal: 5,000.00
2026-05-07 12:06:04,932 | INFO  | ✅ Updated scuro_live_data.json | Open: 0 | Closed: 0 | WR: 0% | PF: 0 | Bal: 5,000.00
2026-05-07 12:06:14,944 | INFO  | ✅ Updated scuro_live_data.json | Open: 0 | Closed: 0 | WR: 0% | PF: 0 | Bal: 5,000.00
2026-05-07 12:06:24,955 | INFO  | ✅ Updated scuro_live_data.json | Open: 0 | Closed: 0 | WR: 0% | PF: 0 | Bal: 5,000.00
2026-05-07 12:06:34,969 | INFO  | ✅ Updated scuro_live_data.json | Open: 0 | Closed: 0 | WR: 0% | PF: 0 | Bal: 5,000.00
2026-05-07 12:06:44,979 | INFO  | ✅ Updated scuro_live_data.json | Open: 0 | Closed: 0 | WR: 0% | PF: 0 | Bal: 5,000.00
2026-05-07 12:06:54,996 | INFO  | ✅ Updated scuro_live_data.json | Open: 0 | Closed: 0 | WR: 0% | PF: 0 | Bal: 5,000.00
2026-05-07 12:07:05,010 | INFO  | ✅ Updated scuro_live_data.json | Open: 0 | Closed: 0 | WR: 0% | PF: 0 | Bal: 5,000.00
2026-05-07 12:07:15,022 | INFO  | ✅ Updated scuro_live_data.json | Open: 0 | Closed: 0 | WR: 0% | PF: 0 | Bal: 5,000.00
2026-05-07 12:07:25,033 | INFO  | ✅ Updated scuro_live_data.json | Open: 0 | Closed: 0 | WR: 0% | PF: 0 | Bal: 5,000.00
2026-05-07 12:07:35,045 | INFO  | ✅ Updated scuro_live_data.json | Open: 0 | Closed: 0 | WR: 0% | PF: 0 | Bal: 5,000.00
2026-05-07 12:07:45,058 | INFO  | ✅ Updated scuro_live_data.json | Open: 0 | Closed: 0 | WR: 0% | PF: 0 | Bal: 5,000.00
2026-05-07 12:07:55,068 | INFO  | ✅ Updated scuro_live_data.json | Open: 0 | Closed: 0 | WR: 0% | PF: 0 | Bal: 5,000.00
2026-05-07 12:08:05,083 | INFO  | ✅ Updated scuro_live_data.json | Open: 0 | Closed: 0 | WR: 0% | PF: 0 | Bal: 5,000.00
2026-05-07 12:08:15,096 | INFO  | ✅ Updated scuro_live_data.json | Open: 0 | Closed: 0 | WR: 0% | PF: 0 | Bal: 5,000.00
2026-05-07 12:08:25,110 | INFO  | ✅ Updated scuro_live_data.json | Open: 0 | Closed: 0 | WR: 0% | PF: 0 | Bal: 5,000.00
2026-05-07 12:08:35,120 | INFO  | ✅ Updated scuro_live_data.json | Open: 0 | Closed: 0 | WR: 0% | PF: 0 | Bal: 5,000.00
2026-05-07 12:08:45,138 | INFO  | ✅ Updated scuro_live_data.json | Open: 0 | Closed: 0 | WR: 0% | PF: 0 | Bal: 5,000.00
2026-05-07 12:08:55,151 | INFO  | ✅ Updated scuro_live_data.json | Open: 0 | Closed: 0 | WR: 0% | PF: 0 | Bal: 5,000.00
2026-05-07 12:09:05,166 | INFO  | ✅ Updated scuro_live_data.json | Open: 0 | Closed: 0 | WR: 0% | PF: 0 | Bal: 5,000.00
2026-05-07 12:09:15,180 | INFO  | ✅ Updated scuro_live_data.json | Open: 0 | Closed: 0 | WR: 0% | PF: 0 | Bal: 5,000.00
2026-05-07 12:09:25,195 | INFO  | ✅ Updated scuro_live_data.json | Open: 0 | Closed: 0 | WR: 0% | PF: 0 | Bal: 5,000.00
2026-05-07 12:09:35,225 | INFO  | ✅ Updated scuro_live_data.json | Open: 0 | Closed: 0 | WR: 0% | PF: 0 | Bal: 5,000.00
2026-05-07 12:09:45,238 | INFO  | ✅ Updated scuro_live_data.json | Open: 0 | Closed: 0 | WR: 0% | PF: 0 | Bal: 5,000.00
2026-05-07 12:09:55,259 | INFO  | ✅ Updated scuro_live_data.json | Open: 0 | Closed: 0 | WR: 0% | PF: 0 | Bal: 5,000.00
2026-05-07 12:10:05,298 | INFO  | ✅ Updated scuro_live_data.json | Open: 0 | Closed: 0 | WR: 0% | PF: 0 | Bal: 5,000.00
2026-05-07 12:10:15,309 | INFO  | ✅ Updated scuro_live_data.json | Open: 0 | Closed: 0 | WR: 0% | PF: 0 | Bal: 5,000.00
2026-05-07 12:10:25,325 | INFO  | ✅ Updated scuro_live_data.json | Open: 0 | Closed: 0 | WR: 0% | PF: 0 | Bal: 5,000.00
2026-05-07 12:10:35,339 | INFO  | ✅ Updated scuro_live_data.json | Open: 0 | Closed: 0 | WR: 0% | PF: 0 | Bal: 5,000.00
2026-05-07 12:10:45,351 | INFO  | ✅ Updated scuro_live_data.json | Open: 0 | Closed: 0 | WR: 0% | PF: 0 | Bal: 5,000.00
2026-05-07 12:10:55,364 | INFO  | ✅ Updated scuro_live_data.json | Open: 0 | Closed: 0 | WR: 0% | PF: 0 | Bal: 5,000.00
2026-05-07 12:11:05,377 | INFO  | ✅ Updated scuro_live_data.json | Open: 0 | Closed: 0 | WR: 0% | PF: 0 | Bal: 5,000.00
2026-05-07 12:11:15,387 | INFO  | ✅ Updated scuro_live_data.json | Open: 0 | Closed: 0 | WR: 0% | PF: 0 | Bal: 5,000.00
2026-05-07 12:11:25,399 | INFO  | ✅ Updated scuro_live_data.json | Open: 0 | Closed: 0 | WR: 0% | PF: 0 | Bal: 5,000.00
2026-05-07 12:11:35,410 | INFO  | ✅ Updated scuro_live_data.json | Open: 0 | Closed: 0 | WR: 0% | PF: 0 | Bal: 5,000.00
2026-05-07 12:11:45,420 | INFO  | ✅ Updated scuro_live_data.json | Open: 0 | Closed: 0 | WR: 0% | PF: 0 | Bal: 5,000.00
2026-05-07 12:11:55,433 | INFO  | ✅ Updated scuro_live_data.json | Open: 0 | Closed: 0 | WR: 0% | PF: 0 | Bal: 5,000.00
2026-05-07 12:12:05,447 | INFO  | ✅ Updated scuro_live_data.json | Open: 0 | Closed: 0 | WR: 0% | PF: 0 | Bal: 5,000.00
2026-05-07 12:12:15,467 | INFO  | ✅ Updated scuro_live_data.json | Open: 0 | Closed: 0 | WR: 0% | PF: 0 | Bal: 5,000.00
2026-05-07 12:12:25,479 | INFO  | ✅ Updated scuro_live_data.json | Open: 0 | Closed: 0 | WR: 0% | PF: 0 | Bal: 5,000.00
2026-05-07 12:12:35,493 | INFO  | ✅ Updated scuro_live_data.json | Open: 0 | Closed: 0 | WR: 0% | PF: 0 | Bal: 5,000.00
2026-05-07 12:12:45,503 | INFO  | ✅ Updated scuro_live_data.json | Open: 0 | Closed: 0 | WR: 0% | PF: 0 | Bal: 5,000.00
2026-05-07 12:12:55,513 | INFO  | ✅ Updated scuro_live_data.json | Open: 0 | Closed: 0 | WR: 0% | PF: 0 | Bal: 5,000.00
2026-05-07 12:13:05,561 | INFO  | ✅ Updated scuro_live_data.json | Open: 0 | Closed: 0 | WR: 0% | PF: 0 | Bal: 5,000.00
2026-05-07 12:13:15,573 | INFO  | ✅ Updated scuro_live_data.json | Open: 0 | Closed: 0 | WR: 0% | PF: 0 | Bal: 5,000.00
2026-05-07 12:13:25,584 | INFO  | ✅ Updated scuro_live_data.json | Open: 0 | Closed: 0 | WR: 0% | PF: 0 | Bal: 5,000.00
2026-05-07 12:13:35,595 | INFO  | ✅ Updated scuro_live_data.json | Open: 0 | Closed: 0 | WR: 0% | PF: 0 | Bal: 5,000.00
2026-05-07 12:13:45,631 | INFO  | ✅ Updated scuro_live_data.json | Open: 0 | Closed: 0 | WR: 0% | PF: 0 | Bal: 5,000.00
2026-05-07 12:13:55,643 | INFO  | ✅ Updated scuro_live_data.json | Open: 0 | Closed: 0 | WR: 0% | PF: 0 | Bal: 5,000.00
2026-05-07 12:14:05,654 | INFO  | ✅ Updated scuro_live_data.json | Open: 0 | Closed: 0 | WR: 0% | PF: 0 | Bal: 5,000.00
2026-05-07 12:14:15,665 | INFO  | ✅ Updated scuro_live_data.json | Open: 0 | Closed: 0 | WR: 0% | PF: 0 | Bal: 5,000.00
2026-05-07 12:14:25,676 | INFO  | ✅ Updated scuro_live_data.json | Open: 0 | Closed: 0 | WR: 0% | PF: 0 | Bal: 5,000.00
2026-05-07 12:14:35,690 | INFO  | ✅ Updated scuro_live_data.json | Open: 0 | Closed: 0 | WR: 0% | PF: 0 | Bal: 5,000.00
2026-05-07 12:14:45,701 | INFO  | ✅ Updated scuro_live_data.json | Open: 0 | Closed: 0 | WR: 0% | PF: 0 | Bal: 5,000.00
2026-05-07 12:14:55,712 | INFO  | ✅ Updated scuro_live_data.json | Open: 0 | Closed: 0 | WR: 0% | PF: 0 | Bal: 5,000.00
2026-05-07 12:15:05,726 | INFO  | ✅ Updated scuro_live_data.json | Open: 0 | Closed: 0 | WR: 0% | PF: 0 | Bal: 5,000.00
2026-05-07 12:15:15,743 | INFO  | ✅ Updated scuro_live_data.json | Open: 0 | Closed: 0 | WR: 0% | PF: 0 | Bal: 5,000.00
2026-05-07 12:15:25,863 | INFO  | ✅ Updated scuro_live_data.json | Open: 0 | Closed: 0 | WR: 0% | PF: 0 | Bal: 5,000.00
2026-05-07 12:15:35,896 | INFO  | ✅ Updated scuro_live_data.json | Open: 0 | Closed: 0 | WR: 0% | PF: 0 | Bal: 5,000.00
2026-05-07 12:15:45,916 | INFO  | ✅ Updated scuro_live_data.json | Open: 0 | Closed: 0 | WR: 0% | PF: 0 | Bal: 5,000.00
2026-05-07 12:15:55,935 | INFO  | ✅ Updated scuro_live_data.json | Open: 0 | Closed: 0 | WR: 0% | PF: 0 | Bal: 5,000.00
2026-05-07 12:16:05,949 | INFO  | ✅ Updated scuro_live_data.json | Open: 0 | Closed: 0 | WR: 0% | PF: 0 | Bal: 5,000.00
2026-05-07 12:16:15,962 | INFO  | ✅ Updated scuro_live_data.json | Open: 0 | Closed: 0 | WR: 0% | PF: 0 | Bal: 5,000.00
2026-05-07 12:16:25,974 | INFO  | ✅ Updated scuro_live_data.json | Open: 0 | Closed: 0 | WR: 0% | PF: 0 | Bal: 5,000.00
2026-05-07 12:16:35,987 | INFO  | ✅ Updated scuro_live_data.json | Open: 0 | Closed: 0 | WR: 0% | PF: 0 | Bal: 5,000.00
2026-05-07 12:16:46,009 | INFO  | ✅ Updated scuro_live_data.json | Open: 0 | Closed: 0 | WR: 0% | PF: 0 | Bal: 5,000.00
2026-05-07 12:16:56,023 | INFO  | ✅ Updated scuro_live_data.json | Open: 0 | Closed: 0 | WR: 0% | PF: 0 | Bal: 5,000.00
2026-05-07 12:17:06,038 | INFO  | ✅ Updated scuro_live_data.json | Open: 0 | Closed: 0 | WR: 0% | PF: 0 | Bal: 5,000.00
2026-05-07 12:17:16,058 | INFO  | ✅ Updated scuro_live_data.json | Open: 0 | Closed: 0 | WR: 0% | PF: 0 | Bal: 5,000.00
2026-05-07 12:17:26,074 | INFO  | ✅ Updated scuro_live_data.json | Open: 0 | Closed: 0 | WR: 0% | PF: 0 | Bal: 5,000.00
2026-05-07 12:17:36,087 | INFO  | ✅ Updated scuro_live_data.json | Open: 0 | Closed: 0 | WR: 0% | PF: 0 | Bal: 5,000.00
2026-05-07 12:17:46,100 | INFO  | ✅ Updated scuro_live_data.json | Open: 0 | Closed: 0 | WR: 0% | PF: 0 | Bal: 5,000.00
2026-05-07 12:17:56,110 | INFO  | ✅ Updated scuro_live_data.json | Open: 0 | Closed: 0 | WR: 0% | PF: 0 | Bal: 5,000.00
2026-05-07 12:18:06,123 | INFO  | ✅ Updated scuro_live_data.json | Open: 0 | Closed: 0 | WR: 0% | PF: 0 | Bal: 5,000.00
2026-05-07 12:18:16,137 | INFO  | ✅ Updated scuro_live_data.json | Open: 0 | Closed: 0 | WR: 0% | PF: 0 | Bal: 5,000.00
2026-05-07 12:18:26,149 | INFO  | ✅ Updated scuro_live_data.json | Open: 0 | Closed: 0 | WR: 0% | PF: 0 | Bal: 5,000.00
2026-05-07 12:18:36,198 | INFO  | ✅ Updated scuro_live_data.json | Open: 0 | Closed: 0 | WR: 0% | PF: 0 | Bal: 5,000.00
2026-05-07 12:18:46,217 | INFO  | ✅ Updated scuro_live_data.json | Open: 0 | Closed: 0 | WR: 0% | PF: 0 | Bal: 5,000.00
2026-05-07 12:18:56,234 | INFO  | ✅ Updated scuro_live_data.json | Open: 0 | Closed: 0 | WR: 0% | PF: 0 | Bal: 5,000.00
2026-05-07 12:19:06,246 | INFO  | ✅ Updated scuro_live_data.json | Open: 0 | Closed: 0 | WR: 0% | PF: 0 | Bal: 5,000.00
2026-05-07 12:19:16,258 | INFO  | ✅ Updated scuro_live_data.json | Open: 0 | Closed: 0 | WR: 0% | PF: 0 | Bal: 5,000.00
2026-05-07 12:19:26,270 | INFO  | ✅ Updated scuro_live_data.json | Open: 0 | Closed: 0 | WR: 0% | PF: 0 | Bal: 5,000.00
2026-05-07 12:19:36,284 | INFO  | ✅ Updated scuro_live_data.json | Open: 0 | Closed: 0 | WR: 0% | PF: 0 | Bal: 5,000.00
2026-05-07 12:19:46,296 | INFO  | ✅ Updated scuro_live_data.json | Open: 0 | Closed: 0 | WR: 0% | PF: 0 | Bal: 5,000.00
2026-05-07 12:19:56,305 | INFO  | ✅ Updated scuro_live_data.json | Open: 0 | Closed: 0 | WR: 0% | PF: 0 | Bal: 5,000.00
2026-05-07 12:20:06,318 | INFO  | ✅ Updated scuro_live_data.json | Open: 0 | Closed: 0 | WR: 0% | PF: 0 | Bal: 5,000.00
2026-05-07 12:20:16,329 | INFO  | ✅ Updated scuro_live_data.json | Open: 0 | Closed: 0 | WR: 0% | PF: 0 | Bal: 5,000.00
2026-05-07 12:20:26,346 | INFO  | ✅ Updated scuro_live_data.json | Open: 0 | Closed: 0 | WR: 0% | PF: 0 | Bal: 5,000.00
2026-05-07 12:20:36,356 | INFO  | ✅ Updated scuro_live_data.json | Open: 0 | Closed: 0 | WR: 0% | PF: 0 | Bal: 5,000.00
2026-05-07 12:20:46,368 | INFO  | ✅ Updated scuro_live_data.json | Open: 0 | Closed: 0 | WR: 0% | PF: 0 | Bal: 5,000.00
2026-05-07 12:20:56,382 | INFO  | ✅ Updated scuro_live_data.json | Open: 0 | Closed: 0 | WR: 0% | PF: 0 | Bal: 5,000.00
2026-05-07 12:21:06,394 | INFO  | ✅ Updated scuro_live_data.json | Open: 0 | Closed: 0 | WR: 0% | PF: 0 | Bal: 5,000.00
2026-05-07 12:21:16,406 | INFO  | ✅ Updated scuro_live_data.json | Open: 0 | Closed: 0 | WR: 0% | PF: 0 | Bal: 5,000.00
2026-05-07 12:21:26,466 | INFO  | ✅ Updated scuro_live_data.json | Open: 0 | Closed: 0 | WR: 0% | PF: 0 | Bal: 5,000.00
2026-05-07 12:21:36,484 | INFO  | ✅ Updated scuro_live_data.json | Open: 0 | Closed: 0 | WR: 0% | PF: 0 | Bal: 5,000.00
2026-05-07 12:21:46,499 | INFO  | ✅ Updated scuro_live_data.json | Open: 0 | Closed: 0 | WR: 0% | PF: 0 | Bal: 5,000.00
2026-05-07 12:21:56,515 | INFO  | ✅ Updated scuro_live_data.json | Open: 0 | Closed: 0 | WR: 0% | PF: 0 | Bal: 5,000.00
2026-05-07 12:22:06,528 | INFO  | ✅ Updated scuro_live_data.json | Open: 0 | Closed: 0 | WR: 0% | PF: 0 | Bal: 5,000.00
2026-05-07 12:22:16,542 | INFO  | ✅ Updated scuro_live_data.json | Open: 0 | Closed: 0 | WR: 0% | PF: 0 | Bal: 5,000.00
2026-05-07 12:22:26,558 | INFO  | ✅ Updated scuro_live_data.json | Open: 0 | Closed: 0 | WR: 0% | PF: 0 | Bal: 5,000.00
2026-05-07 12:22:36,572 | INFO  | ✅ Updated scuro_live_data.json | Open: 0 | Closed: 0 | WR: 0% | PF: 0 | Bal: 5,000.00
2026-05-07 12:22:46,591 | INFO  | ✅ Updated scuro_live_data.json | Open: 0 | Closed: 0 | WR: 0% | PF: 0 | Bal: 5,000.00
2026-05-07 12:22:56,607 | INFO  | ✅ Updated scuro_live_data.json | Open: 0 | Closed: 0 | WR: 0% | PF: 0 | Bal: 5,000.00
2026-05-07 12:23:06,622 | INFO  | ✅ Updated scuro_live_data.json | Open: 0 | Closed: 0 | WR: 0% | PF: 0 | Bal: 5,000.00
2026-05-07 12:23:16,635 | INFO  | ✅ Updated scuro_live_data.json | Open: 0 | Closed: 0 | WR: 0% | PF: 0 | Bal: 5,000.00
2026-05-07 12:23:26,649 | INFO  | ✅ Updated scuro_live_data.json | Open: 0 | Closed: 0 | WR: 0% | PF: 0 | Bal: 5,000.00
2026-05-07 12:23:36,663 | INFO  | ✅ Updated scuro_live_data.json | Open: 0 | Closed: 0 | WR: 0% | PF: 0 | Bal: 5,000.00
2026-05-07 12:23:46,675 | INFO  | ✅ Updated scuro_live_data.json | Open: 0 | Closed: 0 | WR: 0% | PF: 0 | Bal: 5,000.00
2026-05-07 12:23:56,686 | INFO  | ✅ Updated scuro_live_data.json | Open: 0 | Closed: 0 | WR: 0% | PF: 0 | Bal: 5,000.00
2026-05-07 12:24:06,698 | INFO  | ✅ Updated scuro_live_data.json | Open: 0 | Closed: 0 | WR: 0% | PF: 0 | Bal: 5,000.00
2026-05-07 12:24:16,710 | INFO  | ✅ Updated scuro_live_data.json | Open: 0 | Closed: 0 | WR: 0% | PF: 0 | Bal: 5,000.00
2026-05-07 12:24:26,721 | INFO  | ✅ Updated scuro_live_data.json | Open: 0 | Closed: 0 | WR: 0% | PF: 0 | Bal: 5,000.00
2026-05-07 12:24:36,732 | INFO  | ✅ Updated scuro_live_data.json | Open: 0 | Closed: 0 | WR: 0% | PF: 0 | Bal: 5,000.00
2026-05-07 12:24:46,745 | INFO  | ✅ Updated scuro_live_data.json | Open: 0 | Closed: 0 | WR: 0% | PF: 0 | Bal: 5,000.00
2026-05-07 12:24:56,760 | INFO  | ✅ Updated scuro_live_data.json | Open: 0 | Closed: 0 | WR: 0% | PF: 0 | Bal: 5,000.00
2026-05-07 12:25:06,772 | INFO  | ✅ Updated scuro_live_data.json | Open: 0 | Closed: 0 | WR: 0% | PF: 0 | Bal: 5,000.00
2026-05-07 12:25:16,784 | INFO  | ✅ Updated scuro_live_data.json | Open: 0 | Closed: 0 | WR: 0% | PF: 0 | Bal: 5,000.00
2026-05-07 12:25:26,799 | INFO  | ✅ Updated scuro_live_data.json | Open: 0 | Closed: 0 | WR: 0% | PF: 0 | Bal: 5,000.00
2026-05-07 12:25:36,811 | INFO  | ✅ Updated scuro_live_data.json | Open: 0 | Closed: 0 | WR: 0% | PF: 0 | Bal: 5,000.00
2026-05-07 12:25:46,826 | INFO  | ✅ Updated scuro_live_data.json | Open: 0 | Closed: 0 | WR: 0% | PF: 0 | Bal: 5,000.00
2026-05-07 12:25:56,839 | INFO  | ✅ Updated scuro_live_data.json | Open: 0 | Closed: 0 | WR: 0% | PF: 0 | Bal: 5,000.00
2026-05-07 12:26:06,856 | INFO  | ✅ Updated scuro_live_data.json | Open: 0 | Closed: 0 | WR: 0% | PF: 0 | Bal: 5,000.00
2026-05-07 12:26:16,865 | INFO  | ✅ Updated scuro_live_data.json | Open: 0 | Closed: 0 | WR: 0% | PF: 0 | Bal: 5,000.00
2026-05-07 12:26:26,876 | INFO  | ✅ Updated scuro_live_data.json | Open: 0 | Closed: 0 | WR: 0% | PF: 0 | Bal: 5,000.00
2026-05-07 12:26:36,890 | INFO  | ✅ Updated scuro_live_data.json | Open: 0 | Closed: 0 | WR: 0% | PF: 0 | Bal: 5,000.00
2026-05-07 12:26:46,901 | INFO  | ✅ Updated scuro_live_data.json | Open: 0 | Closed: 0 | WR: 0% | PF: 0 | Bal: 5,000.00
2026-05-07 12:26:56,911 | INFO  | ✅ Updated scuro_live_data.json | Open: 0 | Closed: 0 | WR: 0% | PF: 0 | Bal: 5,000.00
2026-05-07 12:27:06,923 | INFO  | ✅ Updated scuro_live_data.json | Open: 0 | Closed: 0 | WR: 0% | PF: 0 | Bal: 5,000.00
2026-05-07 12:27:16,934 | INFO  | ✅ Updated scuro_live_data.json | Open: 0 | Closed: 0 | WR: 0% | PF: 0 | Bal: 5,000.00
2026-05-07 12:27:26,945 | INFO  | ✅ Updated scuro_live_data.json | Open: 0 | Closed: 0 | WR: 0% | PF: 0 | Bal: 5,000.00
2026-05-07 12:27:36,957 | INFO  | ✅ Updated scuro_live_data.json | Open: 0 | Closed: 0 | WR: 0% | PF: 0 | Bal: 5,000.00
2026-05-07 12:27:47,061 | INFO  | ✅ Updated scuro_live_data.json | Open: 0 | Closed: 0 | WR: 0% | PF: 0 | Bal: 5,000.00
2026-05-07 12:27:57,073 | INFO  | ✅ Updated scuro_live_data.json | Open: 0 | Closed: 0 | WR: 0% | PF: 0 | Bal: 5,000.00
2026-05-07 12:28:07,088 | INFO  | ✅ Updated scuro_live_data.json | Open: 0 | Closed: 0 | WR: 0% | PF: 0 | Bal: 5,000.00
2026-05-07 12:28:17,106 | INFO  | ✅ Updated scuro_live_data.json | Open: 0 | Closed: 0 | WR: 0% | PF: 0 | Bal: 5,000.00
2026-05-07 12:28:27,122 | INFO  | ✅ Updated scuro_live_data.json | Open: 0 | Closed: 0 | WR: 0% | PF: 0 | Bal: 5,000.00
2026-05-07 12:28:37,134 | INFO  | ✅ Updated scuro_live_data.json | Open: 0 | Closed: 0 | WR: 0% | PF: 0 | Bal: 5,000.00
2026-05-07 12:28:47,144 | INFO  | ✅ Updated scuro_live_data.json | Open: 0 | Closed: 0 | WR: 0% | PF: 0 | Bal: 5,000.00
2026-05-07 12:28:57,154 | INFO  | ✅ Updated scuro_live_data.json | Open: 0 | Closed: 0 | WR: 0% | PF: 0 | Bal: 5,000.00
2026-05-07 12:29:07,197 | INFO  | ✅ Updated scuro_live_data.json | Open: 0 | Closed: 0 | WR: 0% | PF: 0 | Bal: 5,000.00
2026-05-07 12:29:17,210 | INFO  | ✅ Updated scuro_live_data.json | Open: 0 | Closed: 0 | WR: 0% | PF: 0 | Bal: 5,000.00
2026-05-07 12:29:27,227 | INFO  | ✅ Updated scuro_live_data.json | Open: 0 | Closed: 0 | WR: 0% | PF: 0 | Bal: 5,000.00
2026-05-07 12:29:37,240 | INFO  | ✅ Updated scuro_live_data.json | Open: 0 | Closed: 0 | WR: 0% | PF: 0 | Bal: 5,000.00
2026-05-07 12:29:47,253 | INFO  | ✅ Updated scuro_live_data.json | Open: 0 | Closed: 0 | WR: 0% | PF: 0 | Bal: 5,000.00
2026-05-07 12:29:57,265 | INFO  | ✅ Updated scuro_live_data.json | Open: 0 | Closed: 0 | WR: 0% | PF: 0 | Bal: 5,000.00
2026-05-07 12:30:07,276 | INFO  | ✅ Updated scuro_live_data.json | Open: 0 | Closed: 0 | WR: 0% | PF: 0 | Bal: 5,000.00
2026-05-07 12:30:17,345 | INFO  | ✅ Updated scuro_live_data.json | Open: 0 | Closed: 0 | WR: 0% | PF: 0 | Bal: 5,000.00
2026-05-07 12:30:27,356 | INFO  | ✅ Updated scuro_live_data.json | Open: 0 | Closed: 0 | WR: 0% | PF: 0 | Bal: 5,000.00
2026-05-07 12:30:37,367 | INFO  | ✅ Updated scuro_live_data.json | Open: 0 | Closed: 0 | WR: 0% | PF: 0 | Bal: 5,000.00
2026-05-07 12:30:47,379 | INFO  | ✅ Updated scuro_live_data.json | Open: 0 | Closed: 0 | WR: 0% | PF: 0 | Bal: 5,000.00
2026-05-07 12:30:57,393 | INFO  | ✅ Updated scuro_live_data.json | Open: 0 | Closed: 0 | WR: 0% | PF: 0 | Bal: 5,000.00
2026-05-07 12:31:07,407 | INFO  | ✅ Updated scuro_live_data.json | Open: 0 | Closed: 0 | WR: 0% | PF: 0 | Bal: 5,000.00
2026-05-07 12:31:17,419 | INFO  | ✅ Updated scuro_live_data.json | Open: 0 | Closed: 0 | WR: 0% | PF: 0 | Bal: 5,000.00
2026-05-07 12:31:27,429 | INFO  | ✅ Updated scuro_live_data.json | Open: 0 | Closed: 0 | WR: 0% | PF: 0 | Bal: 5,000.00
2026-05-07 12:31:37,440 | INFO  | ✅ Updated scuro_live_data.json | Open: 0 | Closed: 0 | WR: 0% | PF: 0 | Bal: 5,000.00
2026-05-07 12:31:47,459 | INFO  | ✅ Updated scuro_live_data.json | Open: 0 | Closed: 0 | WR: 0% | PF: 0 | Bal: 5,000.00
2026-05-07 12:31:57,470 | INFO  | ✅ Updated scuro_live_data.json | Open: 0 | Closed: 0 | WR: 0% | PF: 0 | Bal: 5,000.00
2026-05-07 12:32:07,483 | INFO  | ✅ Updated scuro_live_data.json | Open: 0 | Closed: 0 | WR: 0% | PF: 0 | Bal: 5,000.00
2026-05-07 12:32:17,495 | INFO  | ✅ Updated scuro_live_data.json | Open: 0 | Closed: 0 | WR: 0% | PF: 0 | Bal: 5,000.00
2026-05-07 12:32:27,507 | INFO  | ✅ Updated scuro_live_data.json | Open: 0 | Closed: 0 | WR: 0% | PF: 0 | Bal: 5,000.00
2026-05-07 12:32:37,520 | INFO  | ✅ Updated scuro_live_data.json | Open: 0 | Closed: 0 | WR: 0% | PF: 0 | Bal: 5,000.00
2026-05-07 12:32:47,535 | INFO  | ✅ Updated scuro_live_data.json | Open: 0 | Closed: 0 | WR: 0% | PF: 0 | Bal: 5,000.00
2026-05-07 12:32:57,548 | INFO  | ✅ Updated scuro_live_data.json | Open: 0 | Closed: 0 | WR: 0% | PF: 0 | Bal: 5,000.00
2026-05-07 12:33:07,559 | INFO  | ✅ Updated scuro_live_data.json | Open: 0 | Closed: 0 | WR: 0% | PF: 0 | Bal: 5,000.00
2026-05-07 12:33:17,570 | INFO  | ✅ Updated scuro_live_data.json | Open: 0 | Closed: 0 | WR: 0% | PF: 0 | Bal: 5,000.00
2026-05-07 12:33:27,581 | INFO  | ✅ Updated scuro_live_data.json | Open: 0 | Closed: 0 | WR: 0% | PF: 0 | Bal: 5,000.00
2026-05-07 12:33:37,591 | INFO  | ✅ Updated scuro_live_data.json | Open: 0 | Closed: 0 | WR: 0% | PF: 0 | Bal: 5,000.00
2026-05-07 12:33:47,602 | INFO  | ✅ Updated scuro_live_data.json | Open: 0 | Closed: 0 | WR: 0% | PF: 0 | Bal: 5,000.00
2026-05-07 12:33:57,617 | INFO  | ✅ Updated scuro_live_data.json | Open: 0 | Closed: 0 | WR: 0% | PF: 0 | Bal: 5,000.00
2026-05-07 12:34:07,636 | INFO  | ✅ Updated scuro_live_data.json | Open: 0 | Closed: 0 | WR: 0% | PF: 0 | Bal: 5,000.00
2026-05-07 12:34:17,650 | INFO  | ✅ Updated scuro_live_data.json | Open: 0 | Closed: 0 | WR: 0% | PF: 0 | Bal: 5,000.00
2026-05-07 12:34:27,662 | INFO  | ✅ Updated scuro_live_data.json | Open: 0 | Closed: 0 | WR: 0% | PF: 0 | Bal: 5,000.00
2026-05-07 12:34:37,673 | INFO  | ✅ Updated scuro_live_data.json | Open: 0 | Closed: 0 | WR: 0% | PF: 0 | Bal: 5,000.00
2026-05-07 12:34:47,687 | INFO  | ✅ Updated scuro_live_data.json | Open: 0 | Closed: 0 | WR: 0% | PF: 0 | Bal: 5,000.00
2026-05-07 12:34:57,697 | INFO  | ✅ Updated scuro_live_data.json | Open: 0 | Closed: 0 | WR: 0% | PF: 0 | Bal: 5,000.00
2026-05-07 12:35:07,715 | INFO  | ✅ Updated scuro_live_data.json | Open: 0 | Closed: 0 | WR: 0% | PF: 0 | Bal: 5,000.00
2026-05-07 12:35:17,747 | INFO  | ✅ Updated scuro_live_data.json | Open: 0 | Closed: 0 | WR: 0% | PF: 0 | Bal: 5,000.00
2026-05-07 12:35:27,758 | INFO  | ✅ Updated scuro_live_data.json | Open: 0 | Closed: 0 | WR: 0% | PF: 0 | Bal: 5,000.00
2026-05-07 12:35:37,768 | INFO  | ✅ Updated scuro_live_data.json | Open: 0 | Closed: 0 | WR: 0% | PF: 0 | Bal: 5,000.00
2026-05-07 12:35:47,799 | INFO  | ✅ Updated scuro_live_data.json | Open: 0 | Closed: 0 | WR: 0% | PF: 0 | Bal: 5,000.00
2026-05-07 12:35:57,811 | INFO  | ✅ Updated scuro_live_data.json | Open: 0 | Closed: 0 | WR: 0% | PF: 0 | Bal: 5,000.00
2026-05-07 12:36:07,822 | INFO  | ✅ Updated scuro_live_data.json | Open: 0 | Closed: 0 | WR: 0% | PF: 0 | Bal: 5,000.00
2026-05-07 12:36:17,834 | INFO  | ✅ Updated scuro_live_data.json | Open: 0 | Closed: 0 | WR: 0% | PF: 0 | Bal: 5,000.00
2026-05-07 12:36:27,846 | INFO  | ✅ Updated scuro_live_data.json | Open: 0 | Closed: 0 | WR: 0% | PF: 0 | Bal: 5,000.00
2026-05-07 12:36:37,857 | INFO  | ✅ Updated scuro_live_data.json | Open: 0 | Closed: 0 | WR: 0% | PF: 0 | Bal: 5,000.00
2026-05-07 12:36:47,870 | INFO  | ✅ Updated scuro_live_data.json | Open: 0 | Closed: 0 | WR: 0% | PF: 0 | Bal: 5,000.00
2026-05-07 12:36:57,882 | INFO  | ✅ Updated scuro_live_data.json | Open: 0 | Closed: 0 | WR: 0% | PF: 0 | Bal: 5,000.00
2026-05-07 12:37:07,899 | INFO  | ✅ Updated scuro_live_data.json | Open: 0 | Closed: 0 | WR: 0% | PF: 0 | Bal: 5,000.00
2026-05-07 12:37:17,910 | INFO  | ✅ Updated scuro_live_data.json | Open: 0 | Closed: 0 | WR: 0% | PF: 0 | Bal: 5,000.00
2026-05-07 12:37:27,921 | INFO  | ✅ Updated scuro_live_data.json | Open: 0 | Closed: 0 | WR: 0% | PF: 0 | Bal: 5,000.00
2026-05-07 12:37:37,932 | INFO  | ✅ Updated scuro_live_data.json | Open: 0 | Closed: 0 | WR: 0% | PF: 0 | Bal: 5,000.00
2026-05-07 12:37:47,944 | INFO  | ✅ Updated scuro_live_data.json | Open: 0 | Closed: 0 | WR: 0% | PF: 0 | Bal: 5,000.00
2026-05-07 12:37:57,959 | INFO  | ✅ Updated scuro_live_data.json | Open: 0 | Closed: 0 | WR: 0% | PF: 0 | Bal: 5,000.00
2026-05-07 12:38:07,972 | INFO  | ✅ Updated scuro_live_data.json | Open: 0 | Closed: 0 | WR: 0% | PF: 0 | Bal: 5,000.00
2026-05-07 12:38:17,982 | INFO  | ✅ Updated scuro_live_data.json | Open: 0 | Closed: 0 | WR: 0% | PF: 0 | Bal: 5,000.00
2026-05-07 12:38:27,994 | INFO  | ✅ Updated scuro_live_data.json | Open: 0 | Closed: 0 | WR: 0% | PF: 0 | Bal: 5,000.00
2026-05-07 12:38:38,004 | INFO  | ✅ Updated scuro_live_data.json | Open: 0 | Closed: 0 | WR: 0% | PF: 0 | Bal: 5,000.00
2026-05-07 12:38:48,014 | INFO  | ✅ Updated scuro_live_data.json | Open: 0 | Closed: 0 | WR: 0% | PF: 0 | Bal: 5,000.00
2026-05-07 12:38:58,025 | INFO  | ✅ Updated scuro_live_data.json | Open: 0 | Closed: 0 | WR: 0% | PF: 0 | Bal: 5,000.00
2026-05-07 12:39:08,035 | INFO  | ✅ Updated scuro_live_data.json | Open: 0 | Closed: 0 | WR: 0% | PF: 0 | Bal: 5,000.00
2026-05-07 12:39:18,046 | INFO  | ✅ Updated scuro_live_data.json | Open: 0 | Closed: 0 | WR: 0% | PF: 0 | Bal: 5,000.00
2026-05-07 12:39:28,059 | INFO  | ✅ Updated scuro_live_data.json | Open: 0 | Closed: 0 | WR: 0% | PF: 0 | Bal: 5,000.00
2026-05-07 12:39:38,071 | INFO  | ✅ Updated scuro_live_data.json | Open: 0 | Closed: 0 | WR: 0% | PF: 0 | Bal: 5,000.00
2026-05-07 12:39:48,082 | INFO  | ✅ Updated scuro_live_data.json | Open: 0 | Closed: 0 | WR: 0% | PF: 0 | Bal: 5,000.00
2026-05-07 12:39:58,096 | INFO  | ✅ Updated scuro_live_data.json | Open: 0 | Closed: 0 | WR: 0% | PF: 0 | Bal: 5,000.00
2026-05-07 12:40:08,129 | INFO  | ✅ Updated scuro_live_data.json | Open: 0 | Closed: 0 | WR: 0% | PF: 0 | Bal: 5,000.00
2026-05-07 12:40:18,140 | INFO  | ✅ Updated scuro_live_data.json | Open: 0 | Closed: 0 | WR: 0% | PF: 0 | Bal: 5,000.00
2026-05-07 12:40:28,150 | INFO  | ✅ Updated scuro_live_data.json | Open: 0 | Closed: 0 | WR: 0% | PF: 0 | Bal: 5,000.00
2026-05-07 12:40:38,165 | INFO  | ✅ Updated scuro_live_data.json | Open: 0 | Closed: 0 | WR: 0% | PF: 0 | Bal: 5,000.00
2026-05-07 12:40:48,177 | INFO  | ✅ Updated scuro_live_data.json | Open: 0 | Closed: 0 | WR: 0% | PF: 0 | Bal: 5,000.00
2026-05-07 12:40:58,192 | INFO  | ✅ Updated scuro_live_data.json | Open: 0 | Closed: 0 | WR: 0% | PF: 0 | Bal: 5,000.00
2026-05-07 12:41:08,209 | INFO  | ✅ Updated scuro_live_data.json | Open: 0 | Closed: 0 | WR: 0% | PF: 0 | Bal: 5,000.00
2026-05-07 12:41:18,224 | INFO  | ✅ Updated scuro_live_data.json | Open: 0 | Closed: 0 | WR: 0% | PF: 0 | Bal: 5,000.00
2026-05-07 12:41:28,238 | INFO  | ✅ Updated scuro_live_data.json | Open: 0 | Closed: 0 | WR: 0% | PF: 0 | Bal: 5,000.00
2026-05-07 12:41:38,255 | INFO  | ✅ Updated scuro_live_data.json | Open: 0 | Closed: 0 | WR: 0% | PF: 0 | Bal: 5,000.00
2026-05-07 12:41:48,291 | INFO  | ✅ Updated scuro_live_data.json | Open: 0 | Closed: 0 | WR: 0% | PF: 0 | Bal: 5,000.00
2026-05-07 12:41:58,306 | INFO  | ✅ Updated scuro_live_data.json | Open: 0 | Closed: 0 | WR: 0% | PF: 0 | Bal: 5,000.00
2026-05-07 12:42:08,317 | INFO  | ✅ Updated scuro_live_data.json | Open: 0 | Closed: 0 | WR: 0% | PF: 0 | Bal: 5,000.00
2026-05-07 12:42:18,332 | INFO  | ✅ Updated scuro_live_data.json | Open: 0 | Closed: 0 | WR: 0% | PF: 0 | Bal: 5,000.00
2026-05-07 12:42:28,376 | INFO  | ✅ Updated scuro_live_data.json | Open: 0 | Closed: 0 | WR: 0% | PF: 0 | Bal: 5,000.00
2026-05-07 12:42:38,390 | INFO  | ✅ Updated scuro_live_data.json | Open: 0 | Closed: 0 | WR: 0% | PF: 0 | Bal: 5,000.00
2026-05-07 12:42:48,402 | INFO  | ✅ Updated scuro_live_data.json | Open: 0 | Closed: 0 | WR: 0% | PF: 0 | Bal: 5,000.00
2026-05-07 12:42:58,412 | INFO  | ✅ Updated scuro_live_data.json | Open: 0 | Closed: 0 | WR: 0% | PF: 0 | Bal: 5,000.00
2026-05-07 12:43:08,422 | INFO  | ✅ Updated scuro_live_data.json | Open: 0 | Closed: 0 | WR: 0% | PF: 0 | Bal: 5,000.00
2026-05-07 12:43:18,456 | INFO  | ✅ Updated scuro_live_data.json | Open: 0 | Closed: 0 | WR: 0% | PF: 0 | Bal: 5,000.00
2026-05-07 12:43:28,484 | INFO  | ✅ Updated scuro_live_data.json | Open: 0 | Closed: 0 | WR: 0% | PF: 0 | Bal: 5,000.00
2026-05-07 12:43:38,518 | INFO  | ✅ Updated scuro_live_data.json | Open: 0 | Closed: 0 | WR: 0% | PF: 0 | Bal: 5,000.00
2026-05-07 12:43:48,547 | INFO  | ✅ Updated scuro_live_data.json | Open: 0 | Closed: 0 | WR: 0% | PF: 0 | Bal: 5,000.00
2026-05-07 12:43:58,559 | INFO  | ✅ Updated scuro_live_data.json | Open: 0 | Closed: 0 | WR: 0% | PF: 0 | Bal: 5,000.00
2026-05-07 12:44:08,569 | INFO  | ✅ Updated scuro_live_data.json | Open: 0 | Closed: 0 | WR: 0% | PF: 0 | Bal: 5,000.00
2026-05-07 12:44:18,580 | INFO  | ✅ Updated scuro_live_data.json | Open: 0 | Closed: 0 | WR: 0% | PF: 0 | Bal: 5,000.00
2026-05-07 12:44:28,592 | INFO  | ✅ Updated scuro_live_data.json | Open: 0 | Closed: 0 | WR: 0% | PF: 0 | Bal: 5,000.00
2026-05-07 12:44:38,608 | INFO  | ✅ Updated scuro_live_data.json | Open: 0 | Closed: 0 | WR: 0% | PF: 0 | Bal: 5,000.00
2026-05-07 12:44:48,624 | INFO  | ✅ Updated scuro_live_data.json | Open: 0 | Closed: 0 | WR: 0% | PF: 0 | Bal: 5,000.00
2026-05-07 12:44:58,635 | INFO  | ✅ Updated scuro_live_data.json | Open: 0 | Closed: 0 | WR: 0% | PF: 0 | Bal: 5,000.00
2026-05-07 12:45:08,645 | INFO  | ✅ Updated scuro_live_data.json | Open: 0 | Closed: 0 | WR: 0% | PF: 0 | Bal: 5,000.00
2026-05-07 12:45:18,656 | INFO  | ✅ Updated scuro_live_data.json | Open: 0 | Closed: 0 | WR: 0% | PF: 0 | Bal: 5,000.00
2026-05-07 12:45:28,676 | INFO  | ✅ Updated scuro_live_data.json | Open: 0 | Closed: 0 | WR: 0% | PF: 0 | Bal: 5,000.00
2026-05-07 12:45:38,687 | INFO  | ✅ Updated scuro_live_data.json | Open: 0 | Closed: 0 | WR: 0% | PF: 0 | Bal: 5,000.00
2026-05-07 12:45:48,699 | INFO  | ✅ Updated scuro_live_data.json | Open: 0 | Closed: 0 | WR: 0% | PF: 0 | Bal: 5,000.00
2026-05-07 12:45:58,710 | INFO  | ✅ Updated scuro_live_data.json | Open: 0 | Closed: 0 | WR: 0% | PF: 0 | Bal: 5,000.00
2026-05-07 12:46:08,720 | INFO  | ✅ Updated scuro_live_data.json | Open: 0 | Closed: 0 | WR: 0% | PF: 0 | Bal: 5,000.00
2026-05-07 12:46:18,732 | INFO  | ✅ Updated scuro_live_data.json | Open: 0 | Closed: 0 | WR: 0% | PF: 0 | Bal: 5,000.00
2026-05-07 12:46:28,754 | INFO  | ✅ Updated scuro_live_data.json | Open: 0 | Closed: 0 | WR: 0% | PF: 0 | Bal: 5,000.00
2026-05-07 12:46:38,766 | INFO  | ✅ Updated scuro_live_data.json | Open: 0 | Closed: 0 | WR: 0% | PF: 0 | Bal: 5,000.00
2026-05-07 12:46:48,780 | INFO  | ✅ Updated scuro_live_data.json | Open: 0 | Closed: 0 | WR: 0% | PF: 0 | Bal: 5,000.00
2026-05-07 12:46:58,791 | INFO  | ✅ Updated scuro_live_data.json | Open: 0 | Closed: 0 | WR: 0% | PF: 0 | Bal: 5,000.00
2026-05-07 12:47:08,807 | INFO  | ✅ Updated scuro_live_data.json | Open: 0 | Closed: 0 | WR: 0% | PF: 0 | Bal: 5,000.00
2026-05-07 12:47:18,818 | INFO  | ✅ Updated scuro_live_data.json | Open: 0 | Closed: 0 | WR: 0% | PF: 0 | Bal: 5,000.00
2026-05-07 12:47:28,829 | INFO  | ✅ Updated scuro_live_data.json | Open: 0 | Closed: 0 | WR: 0% | PF: 0 | Bal: 5,000.00
2026-05-07 12:47:38,848 | INFO  | ✅ Updated scuro_live_data.json | Open: 0 | Closed: 0 | WR: 0% | PF: 0 | Bal: 5,000.00
2026-05-07 12:47:48,865 | INFO  | ✅ Updated scuro_live_data.json | Open: 0 | Closed: 0 | WR: 0% | PF: 0 | Bal: 5,000.00
2026-05-07 12:47:58,878 | INFO  | ✅ Updated scuro_live_data.json | Open: 0 | Closed: 0 | WR: 0% | PF: 0 | Bal: 5,000.00
2026-05-07 12:48:08,890 | INFO  | ✅ Updated scuro_live_data.json | Open: 0 | Closed: 0 | WR: 0% | PF: 0 | Bal: 5,000.00
2026-05-07 12:48:18,903 | INFO  | ✅ Updated scuro_live_data.json | Open: 0 | Closed: 0 | WR: 0% | PF: 0 | Bal: 5,000.00
2026-05-07 12:48:28,917 | INFO  | ✅ Updated scuro_live_data.json | Open: 0 | Closed: 0 | WR: 0% | PF: 0 | Bal: 5,000.00
2026-05-07 12:48:32,163 | INFO  | ============================================================
2026-05-07 12:48:32,163 | INFO  | 📡 SCURO MT5 HISTORY PRINTER — Live Feed
2026-05-07 12:48:32,164 | INFO  |    Symbol   : XAUUSDm | Magic: 777777
2026-05-07 12:48:32,164 | INFO  |    Output   : C:\Users\obung\OneDrive\Documents\Trading Apps\sir_bane_v1\scuro_live_data.json
2026-05-07 12:48:32,164 | INFO  |    Refresh  : every 10s
2026-05-07 12:48:32,164 | INFO  | ============================================================
2026-05-07 12:48:34,112 | INFO  | ✅ Updated scuro_live_data.json | Open: 0 | Closed: 0 | WR: 0% | PF: 0 | Bal: 5,000.00
2026-05-07 12:48:38,934 | INFO  | ✅ Updated scuro_live_data.json | Open: 0 | Closed: 0 | WR: 0% | PF: 0 | Bal: 5,000.00
2026-05-07 12:48:44,125 | INFO  | ✅ Updated scuro_live_data.json | Open: 0 | Closed: 0 | WR: 0% | PF: 0 | Bal: 5,000.00
2026-05-07 12:48:48,967 | INFO  | ✅ Updated scuro_live_data.json | Open: 0 | Closed: 0 | WR: 0% | PF: 0 | Bal: 5,000.00
2026-05-07 12:48:54,136 | INFO  | ✅ Updated scuro_live_data.json | Open: 0 | Closed: 0 | WR: 0% | PF: 0 | Bal: 5,000.00
2026-05-07 12:48:58,980 | INFO  | ✅ Updated scuro_live_data.json | Open: 0 | Closed: 0 | WR: 0% | PF: 0 | Bal: 5,000.00
2026-05-07 12:49:04,147 | INFO  | ✅ Updated scuro_live_data.json | Open: 0 | Closed: 0 | WR: 0% | PF: 0 | Bal: 5,000.00
2026-05-07 12:49:08,994 | INFO  | ✅ Updated scuro_live_data.json | Open: 0 | Closed: 0 | WR: 0% | PF: 0 | Bal: 5,000.00
2026-05-07 12:49:14,158 | INFO  | ✅ Updated scuro_live_data.json | Open: 0 | Closed: 0 | WR: 0% | PF: 0 | Bal: 5,000.00
2026-05-07 12:49:19,008 | INFO  | ✅ Updated scuro_live_data.json | Open: 0 | Closed: 0 | WR: 0% | PF: 0 | Bal: 5,000.00
2026-05-07 12:49:24,171 | INFO  | ✅ Updated scuro_live_data.json | Open: 0 | Closed: 0 | WR: 0% | PF: 0 | Bal: 5,000.00
2026-05-07 12:49:29,023 | INFO  | ✅ Updated scuro_live_data.json | Open: 0 | Closed: 0 | WR: 0% | PF: 0 | Bal: 5,000.00
2026-05-07 12:49:34,183 | INFO  | ✅ Updated scuro_live_data.json | Open: 0 | Closed: 0 | WR: 0% | PF: 0 | Bal: 5,000.00
2026-05-07 12:49:39,035 | INFO  | ✅ Updated scuro_live_data.json | Open: 0 | Closed: 0 | WR: 0% | PF: 0 | Bal: 5,000.00
2026-05-07 12:49:44,195 | INFO  | ✅ Updated scuro_live_data.json | Open: 0 | Closed: 0 | WR: 0% | PF: 0 | Bal: 5,000.00
2026-05-07 12:49:49,053 | INFO  | ✅ Updated scuro_live_data.json | Open: 0 | Closed: 0 | WR: 0% | PF: 0 | Bal: 5,000.00
2026-05-07 12:49:54,205 | INFO  | ✅ Updated scuro_live_data.json | Open: 0 | Closed: 0 | WR: 0% | PF: 0 | Bal: 5,000.00
2026-05-07 12:49:59,063 | INFO  | ✅ Updated scuro_live_data.json | Open: 0 | Closed: 0 | WR: 0% | PF: 0 | Bal: 5,000.00
2026-05-07 12:50:04,304 | INFO  | ✅ Updated scuro_live_data.json | Open: 0 | Closed: 0 | WR: 0% | PF: 0 | Bal: 5,000.00
2026-05-07 12:50:09,081 | INFO  | ✅ Updated scuro_live_data.json | Open: 0 | Closed: 0 | WR: 0% | PF: 0 | Bal: 5,000.00
2026-05-07 12:50:14,316 | INFO  | ✅ Updated scuro_live_data.json | Open: 0 | Closed: 0 | WR: 0% | PF: 0 | Bal: 5,000.00
2026-05-07 12:50:19,094 | INFO  | ✅ Updated scuro_live_data.json | Open: 0 | Closed: 0 | WR: 0% | PF: 0 | Bal: 5,000.00
2026-05-07 12:50:24,326 | INFO  | ✅ Updated scuro_live_data.json | Open: 0 | Closed: 0 | WR: 0% | PF: 0 | Bal: 5,000.00
2026-05-07 12:50:29,106 | INFO  | ✅ Updated scuro_live_data.json | Open: 0 | Closed: 0 | WR: 0% | PF: 0 | Bal: 5,000.00
2026-05-07 12:50:34,339 | INFO  | ✅ Updated scuro_live_data.json | Open: 0 | Closed: 0 | WR: 0% | PF: 0 | Bal: 5,000.00
2026-05-07 12:50:39,118 | INFO  | ✅ Updated scuro_live_data.json | Open: 0 | Closed: 0 | WR: 0% | PF: 0 | Bal: 5,000.00
2026-05-07 12:50:44,351 | INFO  | ✅ Updated scuro_live_data.json | Open: 0 | Closed: 0 | WR: 0% | PF: 0 | Bal: 5,000.00
2026-05-07 12:50:49,133 | INFO  | ✅ Updated scuro_live_data.json | Open: 0 | Closed: 0 | WR: 0% | PF: 0 | Bal: 5,000.00
2026-05-07 12:50:54,363 | INFO  | ✅ Updated scuro_live_data.json | Open: 0 | Closed: 0 | WR: 0% | PF: 0 | Bal: 5,000.00
2026-05-07 12:50:59,150 | INFO  | ✅ Updated scuro_live_data.json | Open: 0 | Closed: 0 | WR: 0% | PF: 0 | Bal: 5,000.00
2026-05-07 12:51:04,378 | INFO  | ✅ Updated scuro_live_data.json | Open: 0 | Closed: 0 | WR: 0% | PF: 0 | Bal: 5,000.00
2026-05-07 12:51:09,164 | INFO  | ✅ Updated scuro_live_data.json | Open: 0 | Closed: 0 | WR: 0% | PF: 0 | Bal: 5,000.00
2026-05-07 12:51:14,446 | INFO  | ✅ Updated scuro_live_data.json | Open: 0 | Closed: 0 | WR: 0% | PF: 0 | Bal: 5,000.00
2026-05-07 12:51:19,185 | INFO  | ✅ Updated scuro_live_data.json | Open: 0 | Closed: 0 | WR: 0% | PF: 0 | Bal: 5,000.00
2026-05-07 12:51:24,461 | INFO  | ✅ Updated scuro_live_data.json | Open: 0 | Closed: 0 | WR: 0% | PF: 0 | Bal: 5,000.00
2026-05-07 12:51:29,199 | INFO  | ✅ Updated scuro_live_data.json | Open: 0 | Closed: 0 | WR: 0% | PF: 0 | Bal: 5,000.00
2026-05-07 12:51:34,475 | INFO  | ✅ Updated scuro_live_data.json | Open: 0 | Closed: 0 | WR: 0% | PF: 0 | Bal: 5,000.00
2026-05-07 12:51:39,214 | INFO  | ✅ Updated scuro_live_data.json | Open: 0 | Closed: 0 | WR: 0% | PF: 0 | Bal: 5,000.00
2026-05-07 12:51:44,486 | INFO  | ✅ Updated scuro_live_data.json | Open: 0 | Closed: 0 | WR: 0% | PF: 0 | Bal: 5,000.00
2026-05-07 12:51:49,231 | INFO  | ✅ Updated scuro_live_data.json | Open: 0 | Closed: 0 | WR: 0% | PF: 0 | Bal: 5,000.00
2026-05-07 12:51:54,504 | INFO  | ✅ Updated scuro_live_data.json | Open: 0 | Closed: 0 | WR: 0% | PF: 0 | Bal: 5,000.00
2026-05-07 12:51:59,241 | INFO  | ✅ Updated scuro_live_data.json | Open: 0 | Closed: 0 | WR: 0% | PF: 0 | Bal: 5,000.00
2026-05-07 12:52:04,519 | INFO  | ✅ Updated scuro_live_data.json | Open: 0 | Closed: 0 | WR: 0% | PF: 0 | Bal: 5,000.00
2026-05-07 12:52:09,251 | INFO  | ✅ Updated scuro_live_data.json | Open: 0 | Closed: 0 | WR: 0% | PF: 0 | Bal: 5,000.00
2026-05-07 12:52:14,531 | INFO  | ✅ Updated scuro_live_data.json | Open: 0 | Closed: 0 | WR: 0% | PF: 0 | Bal: 5,000.00
2026-05-07 12:52:19,261 | INFO  | ✅ Updated scuro_live_data.json | Open: 0 | Closed: 0 | WR: 0% | PF: 0 | Bal: 5,000.00
2026-05-07 12:52:24,544 | INFO  | ✅ Updated scuro_live_data.json | Open: 0 | Closed: 0 | WR: 0% | PF: 0 | Bal: 5,000.00
2026-05-07 12:52:29,271 | INFO  | ✅ Updated scuro_live_data.json | Open: 0 | Closed: 0 | WR: 0% | PF: 0 | Bal: 5,000.00
2026-05-07 12:52:34,556 | INFO  | ✅ Updated scuro_live_data.json | Open: 0 | Closed: 0 | WR: 0% | PF: 0 | Bal: 5,000.00
2026-05-07 12:52:39,285 | INFO  | ✅ Updated scuro_live_data.json | Open: 0 | Closed: 0 | WR: 0% | PF: 0 | Bal: 5,000.00
2026-05-07 12:52:44,571 | INFO  | ✅ Updated scuro_live_data.json | Open: 0 | Closed: 0 | WR: 0% | PF: 0 | Bal: 5,000.00
2026-05-07 12:52:49,298 | INFO  | ✅ Updated scuro_live_data.json | Open: 0 | Closed: 0 | WR: 0% | PF: 0 | Bal: 5,000.00
2026-05-07 12:52:54,590 | INFO  | ✅ Updated scuro_live_data.json | Open: 0 | Closed: 0 | WR: 0% | PF: 0 | Bal: 5,000.00
2026-05-07 12:52:59,310 | INFO  | ✅ Updated scuro_live_data.json | Open: 0 | Closed: 0 | WR: 0% | PF: 0 | Bal: 5,000.00
2026-05-07 12:53:04,604 | INFO  | ✅ Updated scuro_live_data.json | Open: 0 | Closed: 0 | WR: 0% | PF: 0 | Bal: 5,000.00
2026-05-07 12:53:09,350 | INFO  | ✅ Updated scuro_live_data.json | Open: 0 | Closed: 0 | WR: 0% | PF: 0 | Bal: 5,000.00
2026-05-07 12:53:14,643 | INFO  | ✅ Updated scuro_live_data.json | Open: 0 | Closed: 0 | WR: 0% | PF: 0 | Bal: 5,000.00
2026-05-07 12:53:19,361 | INFO  | ✅ Updated scuro_live_data.json | Open: 0 | Closed: 0 | WR: 0% | PF: 0 | Bal: 5,000.00
2026-05-07 12:53:24,660 | INFO  | ✅ Updated scuro_live_data.json | Open: 0 | Closed: 0 | WR: 0% | PF: 0 | Bal: 5,000.00
2026-05-07 12:53:29,377 | INFO  | ✅ Updated scuro_live_data.json | Open: 0 | Closed: 0 | WR: 0% | PF: 0 | Bal: 5,000.00
2026-05-07 12:53:34,672 | INFO  | ✅ Updated scuro_live_data.json | Open: 0 | Closed: 0 | WR: 0% | PF: 0 | Bal: 5,000.00
2026-05-07 12:53:39,388 | INFO  | ✅ Updated scuro_live_data.json | Open: 0 | Closed: 0 | WR: 0% | PF: 0 | Bal: 5,000.00
2026-05-07 12:53:44,685 | INFO  | ✅ Updated scuro_live_data.json | Open: 0 | Closed: 0 | WR: 0% | PF: 0 | Bal: 5,000.00
2026-05-07 12:53:49,398 | INFO  | ✅ Updated scuro_live_data.json | Open: 0 | Closed: 0 | WR: 0% | PF: 0 | Bal: 5,000.00
2026-05-07 12:53:54,697 | INFO  | ✅ Updated scuro_live_data.json | Open: 0 | Closed: 0 | WR: 0% | PF: 0 | Bal: 5,000.00
2026-05-07 12:53:59,410 | INFO  | ✅ Updated scuro_live_data.json | Open: 0 | Closed: 0 | WR: 0% | PF: 0 | Bal: 5,000.00
2026-05-07 12:54:04,710 | INFO  | ✅ Updated scuro_live_data.json | Open: 0 | Closed: 0 | WR: 0% | PF: 0 | Bal: 5,000.00
2026-05-07 12:54:09,425 | INFO  | ✅ Updated scuro_live_data.json | Open: 0 | Closed: 0 | WR: 0% | PF: 0 | Bal: 5,000.00
2026-05-07 12:54:14,765 | INFO  | ✅ Updated scuro_live_data.json | Open: 0 | Closed: 0 | WR: 0% | PF: 0 | Bal: 5,000.00
2026-05-07 12:54:19,438 | INFO  | ✅ Updated scuro_live_data.json | Open: 0 | Closed: 0 | WR: 0% | PF: 0 | Bal: 5,000.00
2026-05-07 12:54:24,798 | INFO  | ✅ Updated scuro_live_data.json | Open: 0 | Closed: 0 | WR: 0% | PF: 0 | Bal: 5,000.00
2026-05-07 12:54:29,448 | INFO  | ✅ Updated scuro_live_data.json | Open: 0 | Closed: 0 | WR: 0% | PF: 0 | Bal: 5,000.00
2026-05-07 12:54:34,809 | INFO  | ✅ Updated scuro_live_data.json | Open: 0 | Closed: 0 | WR: 0% | PF: 0 | Bal: 5,000.00
2026-05-07 12:54:39,458 | INFO  | ✅ Updated scuro_live_data.json | Open: 0 | Closed: 0 | WR: 0% | PF: 0 | Bal: 5,000.00
2026-05-07 12:54:44,821 | INFO  | ✅ Updated scuro_live_data.json | Open: 0 | Closed: 0 | WR: 0% | PF: 0 | Bal: 5,000.00
2026-05-07 12:54:49,468 | INFO  | ✅ Updated scuro_live_data.json | Open: 0 | Closed: 0 | WR: 0% | PF: 0 | Bal: 5,000.00
2026-05-07 12:54:54,832 | INFO  | ✅ Updated scuro_live_data.json | Open: 0 | Closed: 0 | WR: 0% | PF: 0 | Bal: 5,000.00
2026-05-07 12:54:59,478 | INFO  | ✅ Updated scuro_live_data.json | Open: 0 | Closed: 0 | WR: 0% | PF: 0 | Bal: 5,000.00
2026-05-07 12:55:04,846 | INFO  | ✅ Updated scuro_live_data.json | Open: 0 | Closed: 0 | WR: 0% | PF: 0 | Bal: 5,000.00
2026-05-07 12:55:09,490 | INFO  | ✅ Updated scuro_live_data.json | Open: 0 | Closed: 0 | WR: 0% | PF: 0 | Bal: 5,000.00
2026-05-07 12:55:14,858 | INFO  | ✅ Updated scuro_live_data.json | Open: 0 | Closed: 0 | WR: 0% | PF: 0 | Bal: 5,000.00
2026-05-07 12:55:19,500 | INFO  | ✅ Updated scuro_live_data.json | Open: 0 | Closed: 0 | WR: 0% | PF: 0 | Bal: 5,000.00
2026-05-07 12:55:24,877 | INFO  | ✅ Updated scuro_live_data.json | Open: 0 | Closed: 0 | WR: 0% | PF: 0 | Bal: 5,000.00
2026-05-07 12:55:29,510 | INFO  | ✅ Updated scuro_live_data.json | Open: 0 | Closed: 0 | WR: 0% | PF: 0 | Bal: 5,000.00
2026-05-07 12:55:34,898 | INFO  | ✅ Updated scuro_live_data.json | Open: 0 | Closed: 0 | WR: 0% | PF: 0 | Bal: 5,000.00
2026-05-07 12:55:39,523 | INFO  | ✅ Updated scuro_live_data.json | Open: 0 | Closed: 0 | WR: 0% | PF: 0 | Bal: 5,000.00
2026-05-07 12:55:44,909 | INFO  | ✅ Updated scuro_live_data.json | Open: 0 | Closed: 0 | WR: 0% | PF: 0 | Bal: 5,000.00
2026-05-07 12:55:49,534 | INFO  | ✅ Updated scuro_live_data.json | Open: 0 | Closed: 0 | WR: 0% | PF: 0 | Bal: 5,000.00
2026-05-07 12:55:54,923 | INFO  | ✅ Updated scuro_live_data.json | Open: 0 | Closed: 0 | WR: 0% | PF: 0 | Bal: 5,000.00
2026-05-07 12:55:59,547 | INFO  | ✅ Updated scuro_live_data.json | Open: 0 | Closed: 0 | WR: 0% | PF: 0 | Bal: 5,000.00
2026-05-07 12:56:04,935 | INFO  | ✅ Updated scuro_live_data.json | Open: 0 | Closed: 0 | WR: 0% | PF: 0 | Bal: 5,000.00
2026-05-07 12:56:09,559 | INFO  | ✅ Updated scuro_live_data.json | Open: 0 | Closed: 0 | WR: 0% | PF: 0 | Bal: 5,000.00
2026-05-07 12:56:14,946 | INFO  | ✅ Updated scuro_live_data.json | Open: 0 | Closed: 0 | WR: 0% | PF: 0 | Bal: 5,000.00
2026-05-07 12:56:19,570 | INFO  | ✅ Updated scuro_live_data.json | Open: 0 | Closed: 0 | WR: 0% | PF: 0 | Bal: 5,000.00
2026-05-07 12:56:24,958 | INFO  | ✅ Updated scuro_live_data.json | Open: 0 | Closed: 0 | WR: 0% | PF: 0 | Bal: 5,000.00
2026-05-07 12:56:29,583 | INFO  | ✅ Updated scuro_live_data.json | Open: 0 | Closed: 0 | WR: 0% | PF: 0 | Bal: 5,000.00
2026-05-07 12:56:34,971 | INFO  | ✅ Updated scuro_live_data.json | Open: 0 | Closed: 0 | WR: 0% | PF: 0 | Bal: 5,000.00
2026-05-07 12:56:39,592 | INFO  | ✅ Updated scuro_live_data.json | Open: 0 | Closed: 0 | WR: 0% | PF: 0 | Bal: 5,000.00
2026-05-07 12:56:44,985 | INFO  | ✅ Updated scuro_live_data.json | Open: 0 | Closed: 0 | WR: 0% | PF: 0 | Bal: 5,000.00
2026-05-07 12:56:48,681 | INFO  | ============================================================
2026-05-07 12:56:48,682 | INFO  | 📡 SCURO MT5 HISTORY PRINTER — Live Feed
2026-05-07 12:56:48,682 | INFO  |    Symbol   : XAUUSDm | Magic: 777777
2026-05-07 12:56:48,682 | INFO  |    Output   : C:\Users\obung\OneDrive\Documents\Trading Apps\sir_bane_v1\scuro_live_data.json
2026-05-07 12:56:48,683 | INFO  |    Refresh  : every 10s
2026-05-07 12:56:48,683 | INFO  | ============================================================
2026-05-07 12:56:49,620 | INFO  | ✅ Updated scuro_live_data.json | Open: 0 | Closed: 0 | WR: 0% | PF: 0 | Bal: 5,000.00
2026-05-07 12:56:50,911 | INFO  | ✅ Updated scuro_live_data.json | Open: 0 | Closed: 0 | WR: 0% | PF: 0 | Bal: 5,000.00
2026-05-07 12:56:55,005 | INFO  | ✅ Updated scuro_live_data.json | Open: 0 | Closed: 0 | WR: 0% | PF: 0 | Bal: 5,000.00
2026-05-07 12:56:59,634 | INFO  | ✅ Updated scuro_live_data.json | Open: 0 | Closed: 0 | WR: 0% | PF: 0 | Bal: 5,000.00
2026-05-07 12:57:00,926 | INFO  | ✅ Updated scuro_live_data.json | Open: 0 | Closed: 0 | WR: 0% | PF: 0 | Bal: 5,000.00
2026-05-07 12:57:05,029 | INFO  | ✅ Updated scuro_live_data.json | Open: 0 | Closed: 0 | WR: 0% | PF: 0 | Bal: 5,000.00
2026-05-07 12:57:09,645 | INFO  | ✅ Updated scuro_live_data.json | Open: 0 | Closed: 0 | WR: 0% | PF: 0 | Bal: 5,000.00
2026-05-07 12:57:10,938 | INFO  | ✅ Updated scuro_live_data.json | Open: 0 | Closed: 0 | WR: 0% | PF: 0 | Bal: 5,000.00
2026-05-07 12:57:15,044 | INFO  | ✅ Updated scuro_live_data.json | Open: 0 | Closed: 0 | WR: 0% | PF: 0 | Bal: 5,000.00
2026-05-07 12:57:19,655 | INFO  | ✅ Updated scuro_live_data.json | Open: 0 | Closed: 0 | WR: 0% | PF: 0 | Bal: 5,000.00
2026-05-07 12:57:20,948 | INFO  | ✅ Updated scuro_live_data.json | Open: 0 | Closed: 0 | WR: 0% | PF: 0 | Bal: 5,000.00
2026-05-07 12:57:25,056 | INFO  | ✅ Updated scuro_live_data.json | Open: 0 | Closed: 0 | WR: 0% | PF: 0 | Bal: 5,000.00
2026-05-07 12:57:29,667 | INFO  | ✅ Updated scuro_live_data.json | Open: 0 | Closed: 0 | WR: 0% | PF: 0 | Bal: 5,000.00
2026-05-07 12:57:30,958 | INFO  | ✅ Updated scuro_live_data.json | Open: 0 | Closed: 0 | WR: 0% | PF: 0 | Bal: 5,000.00
2026-05-07 12:57:35,072 | INFO  | ✅ Updated scuro_live_data.json | Open: 0 | Closed: 0 | WR: 0% | PF: 0 | Bal: 5,000.00
2026-05-07 12:57:39,680 | INFO  | ✅ Updated scuro_live_data.json | Open: 0 | Closed: 0 | WR: 0% | PF: 0 | Bal: 5,000.00
2026-05-07 12:57:40,969 | INFO  | ✅ Updated scuro_live_data.json | Open: 0 | Closed: 0 | WR: 0% | PF: 0 | Bal: 5,000.00
2026-05-07 12:57:45,087 | INFO  | ✅ Updated scuro_live_data.json | Open: 0 | Closed: 0 | WR: 0% | PF: 0 | Bal: 5,000.00
2026-05-07 12:57:49,693 | INFO  | ✅ Updated scuro_live_data.json | Open: 0 | Closed: 0 | WR: 0% | PF: 0 | Bal: 5,000.00
2026-05-07 12:57:50,979 | INFO  | ✅ Updated scuro_live_data.json | Open: 0 | Closed: 0 | WR: 0% | PF: 0 | Bal: 5,000.00
2026-05-07 12:57:55,100 | INFO  | ✅ Updated scuro_live_data.json | Open: 0 | Closed: 0 | WR: 0% | PF: 0 | Bal: 5,000.00
2026-05-07 12:57:59,707 | INFO  | ✅ Updated scuro_live_data.json | Open: 0 | Closed: 0 | WR: 0% | PF: 0 | Bal: 5,000.00
2026-05-07 12:58:00,989 | INFO  | ✅ Updated scuro_live_data.json | Open: 0 | Closed: 0 | WR: 0% | PF: 0 | Bal: 5,000.00
2026-05-07 12:58:05,205 | INFO  | ✅ Updated scuro_live_data.json | Open: 0 | Closed: 0 | WR: 0% | PF: 0 | Bal: 5,000.00
2026-05-07 12:58:09,719 | INFO  | ✅ Updated scuro_live_data.json | Open: 0 | Closed: 0 | WR: 0% | PF: 0 | Bal: 5,000.00
2026-05-07 12:58:10,999 | INFO  | ✅ Updated scuro_live_data.json | Open: 0 | Closed: 0 | WR: 0% | PF: 0 | Bal: 5,000.00
2026-05-07 12:58:15,224 | INFO  | ✅ Updated scuro_live_data.json | Open: 0 | Closed: 0 | WR: 0% | PF: 0 | Bal: 5,000.00
2026-05-07 12:58:19,731 | INFO  | ✅ Updated scuro_live_data.json | Open: 0 | Closed: 0 | WR: 0% | PF: 0 | Bal: 5,000.00
2026-05-07 12:58:21,189 | INFO  | ✅ Updated scuro_live_data.json | Open: 0 | Closed: 0 | WR: 0% | PF: 0 | Bal: 5,000.00
2026-05-07 12:58:25,239 | INFO  | ✅ Updated scuro_live_data.json | Open: 0 | Closed: 0 | WR: 0% | PF: 0 | Bal: 5,000.00
2026-05-07 12:58:29,745 | INFO  | ✅ Updated scuro_live_data.json | Open: 0 | Closed: 0 | WR: 0% | PF: 0 | Bal: 5,000.00
2026-05-07 12:58:31,203 | INFO  | ✅ Updated scuro_live_data.json | Open: 0 | Closed: 0 | WR: 0% | PF: 0 | Bal: 5,000.00
2026-05-07 12:58:35,253 | INFO  | ✅ Updated scuro_live_data.json | Open: 0 | Closed: 0 | WR: 0% | PF: 0 | Bal: 5,000.00
2026-05-07 12:58:39,758 | INFO  | ✅ Updated scuro_live_data.json | Open: 0 | Closed: 0 | WR: 0% | PF: 0 | Bal: 5,000.00
2026-05-07 12:58:41,215 | INFO  | ✅ Updated scuro_live_data.json | Open: 0 | Closed: 0 | WR: 0% | PF: 0 | Bal: 5,000.00
2026-05-07 12:58:45,267 | INFO  | ✅ Updated scuro_live_data.json | Open: 0 | Closed: 0 | WR: 0% | PF: 0 | Bal: 5,000.00
2026-05-07 12:58:49,770 | INFO  | ✅ Updated scuro_live_data.json | Open: 0 | Closed: 0 | WR: 0% | PF: 0 | Bal: 5,000.00
2026-05-07 12:58:51,224 | INFO  | ✅ Updated scuro_live_data.json | Open: 0 | Closed: 0 | WR: 0% | PF: 0 | Bal: 5,000.00
2026-05-07 12:58:55,283 | INFO  | ✅ Updated scuro_live_data.json | Open: 0 | Closed: 0 | WR: 0% | PF: 0 | Bal: 5,000.00
2026-05-07 12:58:59,782 | INFO  | ✅ Updated scuro_live_data.json | Open: 0 | Closed: 0 | WR: 0% | PF: 0 | Bal: 5,000.00
2026-05-07 12:59:01,239 | INFO  | ✅ Updated scuro_live_data.json | Open: 0 | Closed: 0 | WR: 0% | PF: 0 | Bal: 5,000.00
2026-05-07 12:59:05,293 | INFO  | ✅ Updated scuro_live_data.json | Open: 0 | Closed: 0 | WR: 0% | PF: 0 | Bal: 5,000.00
2026-05-07 12:59:09,801 | INFO  | ✅ Updated scuro_live_data.json | Open: 0 | Closed: 0 | WR: 0% | PF: 0 | Bal: 5,000.00
2026-05-07 12:59:11,254 | INFO  | ✅ Updated scuro_live_data.json | Open: 0 | Closed: 0 | WR: 0% | PF: 0 | Bal: 5,000.00
2026-05-07 12:59:19,811 | INFO  | ✅ Updated scuro_live_data.json | Open: 0 | Closed: 0 | WR: 0% | PF: 0 | Bal: 5,000.00
2026-05-07 12:59:20,477 | INFO  | ============================================================
2026-05-07 12:59:20,478 | INFO  | 📡 SCURO MT5 HISTORY PRINTER — Live Feed
2026-05-07 12:59:20,478 | INFO  |    Symbol   : XAUUSDm | Magic: 777777
2026-05-07 12:59:20,478 | INFO  |    Output   : C:\Users\obung\OneDrive\Documents\Trading Apps\sir_bane_v1\scuro_live_data.json
2026-05-07 12:59:20,478 | INFO  |    Refresh  : every 10s
2026-05-07 12:59:20,478 | INFO  | ============================================================
2026-05-07 12:59:21,698 | INFO  | ✅ Updated scuro_live_data.json | Open: 0 | Closed: 0 | WR: 0% | PF: 0 | Bal: 5,000.00
2026-05-07 12:59:29,824 | INFO  | ✅ Updated scuro_live_data.json | Open: 0 | Closed: 0 | WR: 0% | PF: 0 | Bal: 5,000.00
2026-05-07 12:59:31,707 | INFO  | ✅ Updated scuro_live_data.json | Open: 0 | Closed: 0 | WR: 0% | PF: 0 | Bal: 5,000.00
2026-05-07 12:59:39,842 | INFO  | ✅ Updated scuro_live_data.json | Open: 0 | Closed: 0 | WR: 0% | PF: 0 | Bal: 5,000.00
2026-05-07 12:59:49,856 | INFO  | ✅ Updated scuro_live_data.json | Open: 0 | Closed: 0 | WR: 0% | PF: 0 | Bal: 5,000.00
2026-05-07 12:59:59,876 | INFO  | ✅ Updated scuro_live_data.json | Open: 0 | Closed: 0 | WR: 0% | PF: 0 | Bal: 5,000.00
2026-05-07 13:00:09,887 | INFO  | ✅ Updated scuro_live_data.json | Open: 0 | Closed: 0 | WR: 0% | PF: 0 | Bal: 5,000.00
2026-05-07 13:00:19,900 | INFO  | ✅ Updated scuro_live_data.json | Open: 0 | Closed: 0 | WR: 0% | PF: 0 | Bal: 5,000.00
2026-05-07 13:00:29,912 | INFO  | ✅ Updated scuro_live_data.json | Open: 0 | Closed: 0 | WR: 0% | PF: 0 | Bal: 5,000.00
2026-05-07 13:00:39,929 | INFO  | ✅ Updated scuro_live_data.json | Open: 0 | Closed: 0 | WR: 0% | PF: 0 | Bal: 5,000.00
2026-05-07 13:00:49,941 | INFO  | ✅ Updated scuro_live_data.json | Open: 0 | Closed: 0 | WR: 0% | PF: 0 | Bal: 5,000.00
2026-05-07 13:00:59,951 | INFO  | ✅ Updated scuro_live_data.json | Open: 0 | Closed: 0 | WR: 0% | PF: 0 | Bal: 5,000.00
2026-05-07 13:01:09,963 | INFO  | ✅ Updated scuro_live_data.json | Open: 0 | Closed: 0 | WR: 0% | PF: 0 | Bal: 5,000.00
2026-05-07 13:01:19,977 | INFO  | ✅ Updated scuro_live_data.json | Open: 0 | Closed: 0 | WR: 0% | PF: 0 | Bal: 5,000.00
2026-05-07 13:01:29,988 | INFO  | ✅ Updated scuro_live_data.json | Open: 0 | Closed: 0 | WR: 0% | PF: 0 | Bal: 5,000.00
2026-05-07 13:01:40,001 | INFO  | ✅ Updated scuro_live_data.json | Open: 0 | Closed: 0 | WR: 0% | PF: 0 | Bal: 5,000.00
2026-05-07 13:01:49,219 | INFO  | ============================================================
2026-05-07 13:01:49,219 | INFO  | 📡 SCURO MT5 HISTORY PRINTER — Live Feed
2026-05-07 13:01:49,219 | INFO  |    Symbol   : XAUUSDm | Magic: 777777
2026-05-07 13:01:49,220 | INFO  |    Output   : C:\Users\obung\OneDrive\Documents\Trading Apps\sir_bane_v1\scuro_live_data.json
2026-05-07 13:01:49,220 | INFO  |    Refresh  : every 10s
2026-05-07 13:01:49,220 | INFO  | ============================================================
2026-05-07 13:01:50,021 | INFO  | ✅ Updated scuro_live_data.json | Open: 0 | Closed: 0 | WR: 0% | PF: 0 | Bal: 5,000.00
2026-05-07 13:01:51,000 | INFO  | ✅ Updated scuro_live_data.json | Open: 0 | Closed: 0 | WR: 0% | PF: 0 | Bal: 5,000.00
2026-05-07 13:02:00,052 | INFO  | ✅ Updated scuro_live_data.json | Open: 0 | Closed: 0 | WR: 0% | PF: 0 | Bal: 5,000.00
2026-05-07 13:02:10,064 | INFO  | ✅ Updated scuro_live_data.json | Open: 0 | Closed: 0 | WR: 0% | PF: 0 | Bal: 5,000.00
2026-05-07 13:02:20,081 | INFO  | ✅ Updated scuro_live_data.json | Open: 0 | Closed: 0 | WR: 0% | PF: 0 | Bal: 5,000.00
2026-05-07 13:02:30,093 | INFO  | ✅ Updated scuro_live_data.json | Open: 0 | Closed: 0 | WR: 0% | PF: 0 | Bal: 5,000.00
2026-05-07 13:02:40,105 | INFO  | ✅ Updated scuro_live_data.json | Open: 0 | Closed: 0 | WR: 0% | PF: 0 | Bal: 5,000.00
2026-05-07 13:02:50,119 | INFO  | ✅ Updated scuro_live_data.json | Open: 0 | Closed: 0 | WR: 0% | PF: 0 | Bal: 5,000.00
2026-05-07 13:03:00,136 | INFO  | ✅ Updated scuro_live_data.json | Open: 0 | Closed: 0 | WR: 0% | PF: 0 | Bal: 5,000.00
2026-05-07 13:03:10,154 | INFO  | ✅ Updated scuro_live_data.json | Open: 0 | Closed: 0 | WR: 0% | PF: 0 | Bal: 5,000.00
2026-05-07 13:03:20,167 | INFO  | ✅ Updated scuro_live_data.json | Open: 0 | Closed: 0 | WR: 0% | PF: 0 | Bal: 5,000.00
2026-05-07 13:03:30,179 | INFO  | ✅ Updated scuro_live_data.json | Open: 0 | Closed: 0 | WR: 0% | PF: 0 | Bal: 5,000.00
2026-05-07 13:03:40,194 | INFO  | ✅ Updated scuro_live_data.json | Open: 0 | Closed: 0 | WR: 0% | PF: 0 | Bal: 5,000.00
2026-05-07 13:03:50,204 | INFO  | ✅ Updated scuro_live_data.json | Open: 0 | Closed: 0 | WR: 0% | PF: 0 | Bal: 5,000.00
2026-05-07 13:04:00,215 | INFO  | ✅ Updated scuro_live_data.json | Open: 0 | Closed: 0 | WR: 0% | PF: 0 | Bal: 5,000.00
2026-05-07 13:04:10,229 | INFO  | ✅ Updated scuro_live_data.json | Open: 0 | Closed: 0 | WR: 0% | PF: 0 | Bal: 5,000.00
2026-05-07 13:04:20,249 | INFO  | ✅ Updated scuro_live_data.json | Open: 0 | Closed: 0 | WR: 0% | PF: 0 | Bal: 5,000.00
2026-05-07 13:04:30,291 | INFO  | ✅ Updated scuro_live_data.json | Open: 0 | Closed: 0 | WR: 0% | PF: 0 | Bal: 5,000.00
2026-05-07 13:04:40,305 | INFO  | ✅ Updated scuro_live_data.json | Open: 0 | Closed: 0 | WR: 0% | PF: 0 | Bal: 5,000.00
2026-05-07 13:04:50,322 | INFO  | ✅ Updated scuro_live_data.json | Open: 0 | Closed: 0 | WR: 0% | PF: 0 | Bal: 5,000.00
2026-05-07 13:05:00,335 | INFO  | ✅ Updated scuro_live_data.json | Open: 0 | Closed: 0 | WR: 0% | PF: 0 | Bal: 5,000.00
2026-05-07 13:05:10,345 | INFO  | ✅ Updated scuro_live_data.json | Open: 0 | Closed: 0 | WR: 0% | PF: 0 | Bal: 5,000.00
2026-05-07 13:05:20,364 | INFO  | ✅ Updated scuro_live_data.json | Open: 0 | Closed: 0 | WR: 0% | PF: 0 | Bal: 5,000.00
2026-05-07 13:05:30,379 | INFO  | ✅ Updated scuro_live_data.json | Open: 0 | Closed: 0 | WR: 0% | PF: 0 | Bal: 5,000.00
2026-05-07 13:05:40,393 | INFO  | ✅ Updated scuro_live_data.json | Open: 0 | Closed: 0 | WR: 0% | PF: 0 | Bal: 5,000.00
2026-05-07 13:05:50,405 | INFO  | ✅ Updated scuro_live_data.json | Open: 0 | Closed: 0 | WR: 0% | PF: 0 | Bal: 5,000.00
2026-05-07 13:06:00,419 | INFO  | ✅ Updated scuro_live_data.json | Open: 0 | Closed: 0 | WR: 0% | PF: 0 | Bal: 5,000.00
2026-05-07 13:06:10,434 | INFO  | ✅ Updated scuro_live_data.json | Open: 0 | Closed: 0 | WR: 0% | PF: 0 | Bal: 5,000.00
2026-05-07 13:06:20,454 | INFO  | ✅ Updated scuro_live_data.json | Open: 0 | Closed: 0 | WR: 0% | PF: 0 | Bal: 5,000.00
2026-05-07 13:06:30,478 | INFO  | ✅ Updated scuro_live_data.json | Open: 0 | Closed: 0 | WR: 0% | PF: 0 | Bal: 5,000.00
2026-05-07 13:06:40,493 | INFO  | ✅ Updated scuro_live_data.json | Open: 0 | Closed: 0 | WR: 0% | PF: 0 | Bal: 5,000.00
2026-05-07 13:06:50,503 | INFO  | ✅ Updated scuro_live_data.json | Open: 0 | Closed: 0 | WR: 0% | PF: 0 | Bal: 5,000.00
2026-05-07 13:07:00,515 | INFO  | ✅ Updated scuro_live_data.json | Open: 0 | Closed: 0 | WR: 0% | PF: 0 | Bal: 5,000.00
2026-05-07 13:07:10,530 | INFO  | ✅ Updated scuro_live_data.json | Open: 0 | Closed: 0 | WR: 0% | PF: 0 | Bal: 5,000.00
2026-05-07 13:07:20,542 | INFO  | ✅ Updated scuro_live_data.json | Open: 0 | Closed: 0 | WR: 0% | PF: 0 | Bal: 5,000.00
2026-05-07 13:07:30,555 | INFO  | ✅ Updated scuro_live_data.json | Open: 0 | Closed: 0 | WR: 0% | PF: 0 | Bal: 5,000.00
2026-05-07 13:07:40,566 | INFO  | ✅ Updated scuro_live_data.json | Open: 0 | Closed: 0 | WR: 0% | PF: 0 | Bal: 5,000.00
2026-05-07 13:07:50,578 | INFO  | ✅ Updated scuro_live_data.json | Open: 0 | Closed: 0 | WR: 0% | PF: 0 | Bal: 5,000.00
2026-05-07 13:08:00,592 | INFO  | ✅ Updated scuro_live_data.json | Open: 0 | Closed: 0 | WR: 0% | PF: 0 | Bal: 5,000.00
2026-05-07 13:08:10,602 | INFO  | ✅ Updated scuro_live_data.json | Open: 0 | Closed: 0 | WR: 0% | PF: 0 | Bal: 5,000.00
2026-05-07 13:08:20,615 | INFO  | ✅ Updated scuro_live_data.json | Open: 0 | Closed: 0 | WR: 0% | PF: 0 | Bal: 5,000.00
2026-05-07 13:08:30,625 | INFO  | ✅ Updated scuro_live_data.json | Open: 0 | Closed: 0 | WR: 0% | PF: 0 | Bal: 5,000.00
2026-05-07 13:08:40,645 | INFO  | ✅ Updated scuro_live_data.json | Open: 0 | Closed: 0 | WR: 0% | PF: 0 | Bal: 5,000.00
2026-05-07 13:08:50,657 | INFO  | ✅ Updated scuro_live_data.json | Open: 0 | Closed: 0 | WR: 0% | PF: 0 | Bal: 5,000.00
2026-05-07 13:09:00,669 | INFO  | ✅ Updated scuro_live_data.json | Open: 0 | Closed: 0 | WR: 0% | PF: 0 | Bal: 5,000.00
2026-05-07 13:09:10,681 | INFO  | ✅ Updated scuro_live_data.json | Open: 0 | Closed: 0 | WR: 0% | PF: 0 | Bal: 5,000.00
2026-05-07 13:09:20,690 | INFO  | ✅ Updated scuro_live_data.json | Open: 0 | Closed: 0 | WR: 0% | PF: 0 | Bal: 5,000.00
2026-05-07 13:09:30,701 | INFO  | ✅ Updated scuro_live_data.json | Open: 0 | Closed: 0 | WR: 0% | PF: 0 | Bal: 5,000.00
2026-05-07 13:09:40,714 | INFO  | ✅ Updated scuro_live_data.json | Open: 0 | Closed: 0 | WR: 0% | PF: 0 | Bal: 5,000.00
2026-05-07 13:09:50,750 | INFO  | ✅ Updated scuro_live_data.json | Open: 0 | Closed: 0 | WR: 0% | PF: 0 | Bal: 5,000.00
2026-05-07 13:10:00,764 | INFO  | ✅ Updated scuro_live_data.json | Open: 0 | Closed: 0 | WR: 0% | PF: 0 | Bal: 5,000.00
2026-05-07 13:10:10,773 | INFO  | ✅ Updated scuro_live_data.json | Open: 0 | Closed: 0 | WR: 0% | PF: 0 | Bal: 5,000.00
2026-05-07 13:10:20,783 | INFO  | ✅ Updated scuro_live_data.json | Open: 0 | Closed: 0 | WR: 0% | PF: 0 | Bal: 5,000.00
2026-05-07 13:10:30,799 | INFO  | ✅ Updated scuro_live_data.json | Open: 0 | Closed: 0 | WR: 0% | PF: 0 | Bal: 5,000.00
2026-05-07 13:10:40,810 | INFO  | ✅ Updated scuro_live_data.json | Open: 0 | Closed: 0 | WR: 0% | PF: 0 | Bal: 5,000.00
2026-05-07 13:10:50,820 | INFO  | ✅ Updated scuro_live_data.json | Open: 0 | Closed: 0 | WR: 0% | PF: 0 | Bal: 5,000.00
2026-05-07 13:11:00,831 | INFO  | ✅ Updated scuro_live_data.json | Open: 0 | Closed: 0 | WR: 0% | PF: 0 | Bal: 5,000.00
2026-05-07 13:11:10,841 | INFO  | ✅ Updated scuro_live_data.json | Open: 0 | Closed: 0 | WR: 0% | PF: 0 | Bal: 5,000.00
2026-05-07 13:11:20,853 | INFO  | ✅ Updated scuro_live_data.json | Open: 0 | Closed: 0 | WR: 0% | PF: 0 | Bal: 5,000.00
2026-05-07 13:11:30,863 | INFO  | ✅ Updated scuro_live_data.json | Open: 0 | Closed: 0 | WR: 0% | PF: 0 | Bal: 5,000.00
2026-05-07 13:11:40,877 | INFO  | ✅ Updated scuro_live_data.json | Open: 0 | Closed: 0 | WR: 0% | PF: 0 | Bal: 5,000.00
2026-05-07 13:11:50,888 | INFO  | ✅ Updated scuro_live_data.json | Open: 0 | Closed: 0 | WR: 0% | PF: 0 | Bal: 5,000.00
2026-05-07 13:12:00,904 | INFO  | ✅ Updated scuro_live_data.json | Open: 0 | Closed: 0 | WR: 0% | PF: 0 | Bal: 5,000.00
2026-05-07 13:12:10,922 | INFO  | ✅ Updated scuro_live_data.json | Open: 0 | Closed: 0 | WR: 0% | PF: 0 | Bal: 5,000.00
2026-05-07 13:12:20,937 | INFO  | ✅ Updated scuro_live_data.json | Open: 0 | Closed: 0 | WR: 0% | PF: 0 | Bal: 5,000.00
2026-05-07 13:12:30,948 | INFO  | ✅ Updated scuro_live_data.json | Open: 0 | Closed: 0 | WR: 0% | PF: 0 | Bal: 5,000.00
2026-05-07 13:12:40,967 | INFO  | ✅ Updated scuro_live_data.json | Open: 0 | Closed: 0 | WR: 0% | PF: 0 | Bal: 5,000.00
